{"/home/abhedakp/Documents/backend/session-05-starter/app.ts": {"path":"/home/abhedakp/Documents/backend/session-05-starter/app.ts","statementMap":{"0":{"start":{"line":1,"column":0},"end":{"line":1,"column":53}},"1":{"start":{"line":2,"column":0},"end":{"line":2,"column":62}},"2":{"start":{"line":3,"column":0},"end":{"line":3,"column":76}},"3":{"start":{"line":4,"column":0},"end":{"line":4,"column":42}},"4":{"start":{"line":5,"column":0},"end":{"line":5,"column":53}},"5":{"start":{"line":6,"column":0},"end":{"line":6,"column":64}},"6":{"start":{"line":7,"column":0},"end":{"line":7,"column":45}},"7":{"start":{"line":8,"column":0},"end":{"line":8,"column":58}},"8":{"start":{"line":9,"column":0},"end":{"line":9,"column":58}},"9":{"start":{"line":10,"column":0},"end":{"line":10,"column":57}},"10":{"start":{"line":16,"column":15},"end":{"line":16,"column":24}},"11":{"start":{"line":17,"column":13},"end":{"line":17,"column":55}},"12":{"start":{"line":18,"column":0},"end":{"line":18,"column":27}},"13":{"start":{"line":19,"column":0},"end":{"line":19,"column":29}},"14":{"start":{"line":20,"column":0},"end":{"line":20,"column":34}},"15":{"start":{"line":21,"column":0},"end":{"line":21,"column":55}},"16":{"start":{"line":22,"column":0},"end":{"line":22,"column":58}},"17":{"start":{"line":23,"column":0},"end":{"line":23,"column":null}},"18":{"start":{"line":25,"column":0},"end":{"line":25,"column":null}},"19":{"start":{"line":26,"column":0},"end":{"line":28,"column":3}},"20":{"start":{"line":27,"column":2},"end":{"line":27,"column":38}},"21":{"start":{"line":30,"column":0},"end":{"line":44,"column":5}},"22":{"start":{"line":30,"column":12},"end":{"line":44,"column":2}},"23":{"start":{"line":31,"column":2},"end":{"line":42,"column":3}},"24":{"start":{"line":32,"column":4},"end":{"line":32,"column":34}},"25":{"start":{"line":33,"column":4},"end":{"line":33,"column":null}},"26":{"start":{"line":34,"column":4},"end":{"line":36,"column":3}},"27":{"start":{"line":35,"column":2},"end":{"line":35,"column":42}},"28":{"start":{"line":40,"column":4},"end":{"line":40,"column":50}},"29":{"start":{"line":41,"column":4},"end":{"line":41,"column":20}}},"fnMap":{"0":{"name":"(anonymous_8)","decl":{"start":{"line":26,"column":16},"end":{"line":26,"column":17}},"loc":{"start":{"line":26,"column":48},"end":{"line":28,"column":1}}},"1":{"name":"(anonymous_9)","decl":{"start":{"line":30,"column":1},"end":{"line":30,"column":10}},"loc":{"start":{"line":30,"column":12},"end":{"line":44,"column":2}}},"2":{"name":"(anonymous_10)","decl":{"start":{"line":30,"column":12},"end":{"line":30,"column":null}},"loc":{"start":{"line":30,"column":12},"end":{"line":44,"column":1}}},"3":{"name":"(anonymous_11)","decl":{"start":{"line":34,"column":24},"end":{"line":34,"column":27}},"loc":{"start":{"line":34,"column":29},"end":{"line":36,"column":1}}}},"branchMap":{},"s":{"0":0,"1":0,"2":0,"3":0,"4":0,"5":0,"6":0,"7":0,"8":0,"9":0,"10":0,"11":0,"12":0,"13":0,"14":0,"15":0,"16":0,"17":0,"18":0,"19":0,"20":0,"21":0,"22":0,"23":0,"24":0,"25":0,"26":0,"27":0,"28":0,"29":0},"f":{"0":0,"1":0,"2":0,"3":0},"b":{}}
,"/home/abhedakp/Documents/backend/session-05-starter/emailValidator.ts": {"path":"/home/abhedakp/Documents/backend/session-05-starter/emailValidator.ts","statementMap":{"0":{"start":{"line":1,"column":23},"end":{"line":3,"column":1}},"1":{"start":{"line":2,"column":4},"end":{"line":2,"column":31}},"2":{"start":{"line":1,"column":13},"end":{"line":1,"column":23}}},"fnMap":{"0":{"name":"(anonymous_0)","decl":{"start":{"line":1,"column":23},"end":{"line":1,"column":24}},"loc":{"start":{"line":1,"column":50},"end":{"line":3,"column":1}}}},"branchMap":{},"s":{"0":0,"1":0,"2":0},"f":{"0":0},"b":{}}
,"/home/abhedakp/Documents/backend/session-05-starter/employee_router.ts": {"path":"/home/abhedakp/Documents/backend/session-05-starter/employee_router.ts","statementMap":{"0":{"start":{"line":1,"column":0},"end":{"line":1,"column":30}},"1":{"start":{"line":2,"column":0},"end":{"line":2,"column":50}},"2":{"start":{"line":3,"column":0},"end":{"line":3,"column":42}},"3":{"start":{"line":6,"column":23},"end":{"line":6,"column":39}},"4":{"start":{"line":8,"column":25},"end":{"line":8,"column":59}},"5":{"start":{"line":9,"column":0},"end":{"line":14,"column":3}},"6":{"start":{"line":9,"column":42},"end":{"line":14,"column":2}},"7":{"start":{"line":11,"column":18},"end":{"line":11,"column":49}},"8":{"start":{"line":12,"column":2},"end":{"line":12,"column":25}},"9":{"start":{"line":13,"column":2},"end":{"line":13,"column":null}},"10":{"start":{"line":16,"column":0},"end":{"line":21,"column":null}},"11":{"start":{"line":16,"column":42},"end":{"line":21,"column":2}},"12":{"start":{"line":17,"column":14},"end":{"line":17,"column":38}},"13":{"start":{"line":18,"column":2},"end":{"line":18,"column":21}},"14":{"start":{"line":19,"column":17},"end":{"line":19,"column":63}},"15":{"start":{"line":20,"column":2},"end":{"line":20,"column":33}},"16":{"start":{"line":23,"column":0},"end":{"line":32,"column":3}},"17":{"start":{"line":24,"column":2},"end":{"line":24,"column":24}},"18":{"start":{"line":25,"column":22},"end":{"line":25,"column":36}},"19":{"start":{"line":26,"column":2},"end":{"line":26,"column":37}},"20":{"start":{"line":27,"column":2},"end":{"line":27,"column":35}},"21":{"start":{"line":28,"column":2},"end":{"line":28,"column":39}},"22":{"start":{"line":29,"column":2},"end":{"line":29,"column":null}},"23":{"start":{"line":34,"column":0},"end":{"line":40,"column":3}},"24":{"start":{"line":34,"column":45},"end":{"line":40,"column":2}},"25":{"start":{"line":35,"column":16},"end":{"line":35,"column":40}},"26":{"start":{"line":36,"column":13},"end":{"line":36,"column":21}},"27":{"start":{"line":37,"column":19},"end":{"line":37,"column":91}},"28":{"start":{"line":38,"column":2},"end":{"line":38,"column":34}},"29":{"start":{"line":39,"column":2},"end":{"line":39,"column":33}},"30":{"start":{"line":42,"column":0},"end":{"line":51,"column":3}},"31":{"start":{"line":42,"column":48},"end":{"line":51,"column":2}},"32":{"start":{"line":43,"column":16},"end":{"line":43,"column":40}},"33":{"start":{"line":44,"column":2},"end":{"line":50,"column":4}},"34":{"start":{"line":45,"column":2},"end":{"line":45,"column":41}},"35":{"start":{"line":46,"column":2},"end":{"line":46,"column":47}},"36":{"start":{"line":49,"column":4},"end":{"line":49,"column":41}},"37":{"start":{"line":53,"column":0},"end":{"line":53,"column":30}}},"fnMap":{"0":{"name":"(anonymous_8)","decl":{"start":{"line":9,"column":23},"end":{"line":9,"column":30}},"loc":{"start":{"line":9,"column":42},"end":{"line":14,"column":2}}},"1":{"name":"(anonymous_9)","decl":{"start":{"line":9,"column":42},"end":{"line":9,"column":null}},"loc":{"start":{"line":9,"column":42},"end":{"line":14,"column":1}}},"2":{"name":"(anonymous_10)","decl":{"start":{"line":16,"column":26},"end":{"line":16,"column":32}},"loc":{"start":{"line":16,"column":42},"end":{"line":21,"column":2}}},"3":{"name":"(anonymous_11)","decl":{"start":{"line":16,"column":42},"end":{"line":16,"column":null}},"loc":{"start":{"line":16,"column":42},"end":{"line":21,"column":1}}},"4":{"name":"(anonymous_12)","decl":{"start":{"line":23,"column":25},"end":{"line":23,"column":26}},"loc":{"start":{"line":23,"column":38},"end":{"line":32,"column":1}}},"5":{"name":"(anonymous_13)","decl":{"start":{"line":34,"column":27},"end":{"line":34,"column":33}},"loc":{"start":{"line":34,"column":45},"end":{"line":40,"column":2}}},"6":{"name":"(anonymous_14)","decl":{"start":{"line":34,"column":45},"end":{"line":34,"column":null}},"loc":{"start":{"line":34,"column":45},"end":{"line":40,"column":1}}},"7":{"name":"(anonymous_15)","decl":{"start":{"line":42,"column":30},"end":{"line":42,"column":36}},"loc":{"start":{"line":42,"column":48},"end":{"line":51,"column":2}}},"8":{"name":"(anonymous_16)","decl":{"start":{"line":42,"column":48},"end":{"line":42,"column":null}},"loc":{"start":{"line":42,"column":48},"end":{"line":51,"column":1}}}},"branchMap":{"0":{"loc":{"start":{"line":44,"column":2},"end":{"line":50,"column":4}},"type":"if","locations":[{"start":{"line":44,"column":2},"end":{"line":50,"column":4}},{"start":{"line":48,"column":7},"end":{"line":50,"column":4}}]}},"s":{"0":0,"1":0,"2":0,"3":0,"4":0,"5":0,"6":0,"7":0,"8":0,"9":0,"10":0,"11":0,"12":0,"13":0,"14":0,"15":0,"16":0,"17":0,"18":0,"19":0,"20":0,"21":0,"22":0,"23":0,"24":0,"25":0,"26":0,"27":0,"28":0,"29":0,"30":0,"31":0,"32":0,"33":0,"34":0,"35":0,"36":0,"37":0},"f":{"0":0,"1":0,"2":0,"3":0,"4":0,"5":0,"6":0,"7":0,"8":0},"b":{"0":[0,0]}}
,"/home/abhedakp/Documents/backend/session-05-starter/controllers/auth.controller.ts": {"path":"/home/abhedakp/Documents/backend/session-05-starter/controllers/auth.controller.ts","statementMap":{"0":{"start":{"line":1,"column":0},"end":{"line":1,"column":59}},"1":{"start":{"line":6,"column":16},"end":{"line":6,"column":39}},"2":{"start":{"line":7,"column":16},"end":{"line":7,"column":29}},"3":{"start":{"line":9,"column":6},"end":{"line":9,"column":50}},"4":{"start":{"line":14,"column":8},"end":{"line":23,"column":9}},"5":{"start":{"line":15,"column":33},"end":{"line":15,"column":41}},"6":{"start":{"line":16,"column":8},"end":{"line":18,"column":9}},"7":{"start":{"line":17,"column":12},"end":{"line":17,"column":71}},"8":{"start":{"line":19,"column":19},"end":{"line":19,"column":63}},"9":{"start":{"line":20,"column":8},"end":{"line":20,"column":null}},"10":{"start":{"line":22,"column":12},"end":{"line":22,"column":null}},"11":{"start":{"line":4,"column":0},"end":{"line":4,"column":13}}},"fnMap":{"0":{"name":"(anonymous_7)","decl":{"start":{"line":5,"column":4},"end":{"line":5,"column":null}},"loc":{"start":{"line":7,"column":29},"end":{"line":11,"column":5}}},"1":{"name":"(anonymous_8)","decl":{"start":{"line":13,"column":10},"end":{"line":13,"column":15}},"loc":{"start":{"line":13,"column":58},"end":{"line":25,"column":null}}}},"branchMap":{"0":{"loc":{"start":{"line":16,"column":8},"end":{"line":18,"column":9}},"type":"if","locations":[{"start":{"line":16,"column":8},"end":{"line":18,"column":9}}]},"1":{"loc":{"start":{"line":16,"column":11},"end":{"line":16,"column":30}},"type":"binary-expr","locations":[{"start":{"line":16,"column":11},"end":{"line":16,"column":17}},{"start":{"line":16,"column":21},"end":{"line":16,"column":30}}]}},"s":{"0":0,"1":0,"2":0,"3":0,"4":0,"5":0,"6":0,"7":0,"8":0,"9":0,"10":0,"11":0},"f":{"0":0,"1":0},"b":{"0":[0],"1":[0,0]}}
,"/home/abhedakp/Documents/backend/session-05-starter/controllers/department.controller.ts": {"path":"/home/abhedakp/Documents/backend/session-05-starter/controllers/department.controller.ts","statementMap":{"0":{"start":{"line":2,"column":0},"end":{"line":2,"column":71}},"1":{"start":{"line":6,"column":0},"end":{"line":6,"column":59}},"2":{"start":{"line":7,"column":0},"end":{"line":7,"column":52}},"3":{"start":{"line":8,"column":0},"end":{"line":8,"column":60}},"4":{"start":{"line":9,"column":0},"end":{"line":9,"column":60}},"5":{"start":{"line":10,"column":0},"end":{"line":10,"column":43}},"6":{"start":{"line":11,"column":0},"end":{"line":11,"column":32}},"7":{"start":{"line":12,"column":0},"end":{"line":12,"column":82}},"8":{"start":{"line":14,"column":22},"end":{"line":14,"column":58}},"9":{"start":{"line":81,"column":2},"end":{"line":92,"column":4}},"10":{"start":{"line":81,"column":53},"end":{"line":92,"column":4}},"11":{"start":{"line":82,"column":32},"end":{"line":82,"column":78}},"12":{"start":{"line":83,"column":19},"end":{"line":83,"column":54}},"13":{"start":{"line":84,"column":4},"end":{"line":87,"column":5}},"14":{"start":{"line":85,"column":6},"end":{"line":85,"column":42}},"15":{"start":{"line":86,"column":6},"end":{"line":86,"column":59}},"16":{"start":{"line":88,"column":15},"end":{"line":88,"column":36}},"17":{"start":{"line":90,"column":4},"end":{"line":90,"column":75}},"18":{"start":{"line":91,"column":4},"end":{"line":91,"column":36}},"19":{"start":{"line":15,"column":4},"end":{"line":15,"column":121}},"20":{"start":{"line":16,"column":4},"end":{"line":16,"column":54}},"21":{"start":{"line":17,"column":4},"end":{"line":17,"column":58}},"22":{"start":{"line":18,"column":4},"end":{"line":18,"column":106}},"23":{"start":{"line":19,"column":4},"end":{"line":19,"column":120}},"24":{"start":{"line":20,"column":4},"end":{"line":20,"column":70}},"25":{"start":{"line":24,"column":4},"end":{"line":40,"column":5}},"26":{"start":{"line":25,"column":34},"end":{"line":27,"column":null}},"27":{"start":{"line":29,"column":21},"end":{"line":29,"column":56}},"28":{"start":{"line":30,"column":6},"end":{"line":33,"column":7}},"29":{"start":{"line":31,"column":8},"end":{"line":31,"column":44}},"30":{"start":{"line":32,"column":8},"end":{"line":32,"column":61}},"31":{"start":{"line":34,"column":24},"end":{"line":35,"column":null}},"32":{"start":{"line":37,"column":6},"end":{"line":37,"column":38}},"33":{"start":{"line":39,"column":6},"end":{"line":39,"column":18}},"34":{"start":{"line":44,"column":21},"end":{"line":44,"column":68}},"35":{"start":{"line":45,"column":4},"end":{"line":45,"column":35}},"36":{"start":{"line":49,"column":4},"end":{"line":59,"column":5}},"37":{"start":{"line":50,"column":17},"end":{"line":50,"column":38}},"38":{"start":{"line":51,"column":23},"end":{"line":51,"column":73}},"39":{"start":{"line":52,"column":6},"end":{"line":54,"column":7}},"40":{"start":{"line":53,"column":8},"end":{"line":53,"column":55}},"41":{"start":{"line":55,"column":6},"end":{"line":55,"column":37}},"42":{"start":{"line":57,"column":6},"end":{"line":57,"column":25}},"43":{"start":{"line":58,"column":6},"end":{"line":58,"column":18}},"44":{"start":{"line":67,"column":4},"end":{"line":78,"column":5}},"45":{"start":{"line":68,"column":17},"end":{"line":68,"column":38}},"46":{"start":{"line":69,"column":23},"end":{"line":69,"column":75}},"47":{"start":{"line":70,"column":6},"end":{"line":72,"column":7}},"48":{"start":{"line":71,"column":8},"end":{"line":71,"column":55}},"49":{"start":{"line":74,"column":6},"end":{"line":74,"column":37}},"50":{"start":{"line":76,"column":6},"end":{"line":76,"column":25}},"51":{"start":{"line":77,"column":6},"end":{"line":77,"column":18}},"52":{"start":{"line":95,"column":4},"end":{"line":103,"column":5}},"53":{"start":{"line":96,"column":17},"end":{"line":96,"column":38}},"54":{"start":{"line":97,"column":6},"end":{"line":97,"column":56}},"55":{"start":{"line":98,"column":6},"end":{"line":98,"column":49}},"56":{"start":{"line":100,"column":6},"end":{"line":100,"column":50}},"57":{"start":{"line":102,"column":6},"end":{"line":102,"column":16}},"58":{"start":{"line":106,"column":15},"end":{"line":106,"column":36}},"59":{"start":{"line":107,"column":4},"end":{"line":107,"column":48}},"60":{"start":{"line":108,"column":4},"end":{"line":108,"column":27}},"61":{"start":{"line":13,"column":0},"end":{"line":13,"column":13}}},"fnMap":{"0":{"name":"(anonymous_7)","decl":{"start":{"line":14,"column":2},"end":{"line":14,"column":22}},"loc":{"start":{"line":14,"column":74},"end":{"line":21,"column":3}}},"1":{"name":"(anonymous_8)","decl":{"start":{"line":81,"column":15},"end":{"line":81,"column":22}},"loc":{"start":{"line":81,"column":53},"end":{"line":92,"column":4}}},"2":{"name":"(anonymous_9)","decl":{"start":{"line":81,"column":53},"end":{"line":81,"column":null}},"loc":{"start":{"line":81,"column":53},"end":{"line":92,"column":3}}},"3":{"name":"(anonymous_10)","decl":{"start":{"line":23,"column":8},"end":{"line":23,"column":24}},"loc":{"start":{"line":23,"column":72},"end":{"line":41,"column":null}}},"4":{"name":"(anonymous_12)","decl":{"start":{"line":43,"column":8},"end":{"line":43,"column":24}},"loc":{"start":{"line":43,"column":52},"end":{"line":46,"column":null}}},"5":{"name":"(anonymous_14)","decl":{"start":{"line":48,"column":8},"end":{"line":48,"column":25}},"loc":{"start":{"line":48,"column":73},"end":{"line":60,"column":null}}},"6":{"name":"(anonymous_16)","decl":{"start":{"line":62,"column":8},"end":{"line":62,"column":33}},"loc":{"start":{"line":65,"column":22},"end":{"line":79,"column":null}}},"7":{"name":"(anonymous_18)","decl":{"start":{"line":94,"column":8},"end":{"line":94,"column":18}},"loc":{"start":{"line":94,"column":66},"end":{"line":104,"column":null}}},"8":{"name":"(anonymous_20)","decl":{"start":{"line":105,"column":8},"end":{"line":105,"column":26}},"loc":{"start":{"line":105,"column":54},"end":{"line":109,"column":null}}}},"branchMap":{"0":{"loc":{"start":{"line":84,"column":4},"end":{"line":87,"column":5}},"type":"if","locations":[{"start":{"line":84,"column":4},"end":{"line":87,"column":5}}]},"1":{"loc":{"start":{"line":30,"column":6},"end":{"line":33,"column":7}},"type":"if","locations":[{"start":{"line":30,"column":6},"end":{"line":33,"column":7}}]},"2":{"loc":{"start":{"line":52,"column":6},"end":{"line":54,"column":7}},"type":"if","locations":[{"start":{"line":52,"column":6},"end":{"line":54,"column":7}}]},"3":{"loc":{"start":{"line":70,"column":6},"end":{"line":72,"column":7}},"type":"if","locations":[{"start":{"line":70,"column":6},"end":{"line":72,"column":7}}]}},"s":{"0":0,"1":0,"2":0,"3":0,"4":0,"5":0,"6":0,"7":0,"8":0,"9":0,"10":0,"11":0,"12":0,"13":0,"14":0,"15":0,"16":0,"17":0,"18":0,"19":0,"20":0,"21":0,"22":0,"23":0,"24":0,"25":0,"26":0,"27":0,"28":0,"29":0,"30":0,"31":0,"32":0,"33":0,"34":0,"35":0,"36":0,"37":0,"38":0,"39":0,"40":0,"41":0,"42":0,"43":0,"44":0,"45":0,"46":0,"47":0,"48":0,"49":0,"50":0,"51":0,"52":0,"53":0,"54":0,"55":0,"56":0,"57":0,"58":0,"59":0,"60":0,"61":0},"f":{"0":0,"1":0,"2":0,"3":0,"4":0,"5":0,"6":0,"7":0,"8":0},"b":{"0":[0],"1":[0],"2":[0],"3":[0]}}
,"/home/abhedakp/Documents/backend/session-05-starter/controllers/employee.controller.ts": {"path":"/home/abhedakp/Documents/backend/session-05-starter/controllers/employee.controller.ts","statementMap":{"0":{"start":{"line":2,"column":0},"end":{"line":2,"column":69}},"1":{"start":{"line":6,"column":0},"end":{"line":6,"column":59}},"2":{"start":{"line":8,"column":0},"end":{"line":8,"column":52}},"3":{"start":{"line":9,"column":0},"end":{"line":9,"column":56}},"4":{"start":{"line":10,"column":0},"end":{"line":10,"column":54}},"5":{"start":{"line":11,"column":0},"end":{"line":11,"column":43}},"6":{"start":{"line":13,"column":0},"end":{"line":13,"column":82}},"7":{"start":{"line":14,"column":0},"end":{"line":14,"column":32}},"8":{"start":{"line":17,"column":22},"end":{"line":17,"column":54}},"9":{"start":{"line":65,"column":2},"end":{"line":83,"column":4}},"10":{"start":{"line":65,"column":73},"end":{"line":83,"column":4}},"11":{"start":{"line":66,"column":4},"end":{"line":82,"column":5}},"12":{"start":{"line":67,"column":32},"end":{"line":67,"column":76}},"13":{"start":{"line":68,"column":21},"end":{"line":68,"column":54}},"14":{"start":{"line":70,"column":6},"end":{"line":73,"column":7}},"15":{"start":{"line":71,"column":8},"end":{"line":71,"column":44}},"16":{"start":{"line":72,"column":8},"end":{"line":72,"column":53}},"17":{"start":{"line":74,"column":17},"end":{"line":74,"column":38}},"18":{"start":{"line":76,"column":6},"end":{"line":76,"column":71}},"19":{"start":{"line":77,"column":6},"end":{"line":77,"column":29}},"20":{"start":{"line":78,"column":6},"end":{"line":78,"column":29}},"21":{"start":{"line":80,"column":6},"end":{"line":80,"column":25}},"22":{"start":{"line":81,"column":6},"end":{"line":81,"column":18}},"23":{"start":{"line":18,"column":4},"end":{"line":18,"column":119}},"24":{"start":{"line":19,"column":4},"end":{"line":19,"column":52}},"25":{"start":{"line":20,"column":4},"end":{"line":20,"column":56}},"26":{"start":{"line":21,"column":4},"end":{"line":21,"column":106}},"27":{"start":{"line":22,"column":4},"end":{"line":22,"column":120}},"28":{"start":{"line":26,"column":4},"end":{"line":40,"column":5}},"29":{"start":{"line":27,"column":32},"end":{"line":27,"column":76}},"30":{"start":{"line":28,"column":21},"end":{"line":28,"column":54}},"31":{"start":{"line":29,"column":6},"end":{"line":32,"column":7}},"32":{"start":{"line":30,"column":8},"end":{"line":30,"column":44}},"33":{"start":{"line":31,"column":8},"end":{"line":31,"column":61}},"34":{"start":{"line":33,"column":28},"end":{"line":34,"column":null}},"35":{"start":{"line":36,"column":6},"end":{"line":36,"column":38}},"36":{"start":{"line":37,"column":6},"end":{"line":37,"column":42}},"37":{"start":{"line":39,"column":6},"end":{"line":39,"column":18}},"38":{"start":{"line":44,"column":4},"end":{"line":44,"column":26}},"39":{"start":{"line":45,"column":21},"end":{"line":45,"column":65}},"40":{"start":{"line":46,"column":4},"end":{"line":46,"column":41}},"41":{"start":{"line":47,"column":4},"end":{"line":47,"column":35}},"42":{"start":{"line":51,"column":4},"end":{"line":62,"column":5}},"43":{"start":{"line":52,"column":17},"end":{"line":52,"column":38}},"44":{"start":{"line":53,"column":23},"end":{"line":53,"column":69}},"45":{"start":{"line":54,"column":6},"end":{"line":56,"column":7}},"46":{"start":{"line":55,"column":8},"end":{"line":55,"column":59}},"47":{"start":{"line":57,"column":6},"end":{"line":57,"column":38}},"48":{"start":{"line":58,"column":6},"end":{"line":58,"column":37}},"49":{"start":{"line":60,"column":6},"end":{"line":60,"column":25}},"50":{"start":{"line":61,"column":6},"end":{"line":61,"column":18}},"51":{"start":{"line":86,"column":15},"end":{"line":86,"column":36}},"52":{"start":{"line":87,"column":4},"end":{"line":87,"column":50}},"53":{"start":{"line":88,"column":4},"end":{"line":88,"column":27}},"54":{"start":{"line":89,"column":4},"end":{"line":89,"column":27}},"55":{"start":{"line":92,"column":15},"end":{"line":92,"column":36}},"56":{"start":{"line":93,"column":4},"end":{"line":93,"column":46}},"57":{"start":{"line":94,"column":4},"end":{"line":94,"column":27}},"58":{"start":{"line":95,"column":4},"end":{"line":95,"column":27}},"59":{"start":{"line":16,"column":0},"end":{"line":16,"column":13}}},"fnMap":{"0":{"name":"(anonymous_7)","decl":{"start":{"line":17,"column":2},"end":{"line":17,"column":22}},"loc":{"start":{"line":17,"column":70},"end":{"line":23,"column":3}}},"1":{"name":"(anonymous_8)","decl":{"start":{"line":65,"column":15},"end":{"line":65,"column":22}},"loc":{"start":{"line":65,"column":73},"end":{"line":83,"column":4}}},"2":{"name":"(anonymous_9)","decl":{"start":{"line":65,"column":73},"end":{"line":65,"column":null}},"loc":{"start":{"line":65,"column":73},"end":{"line":83,"column":3}}},"3":{"name":"(anonymous_10)","decl":{"start":{"line":25,"column":8},"end":{"line":25,"column":22}},"loc":{"start":{"line":25,"column":70},"end":{"line":41,"column":null}}},"4":{"name":"(anonymous_12)","decl":{"start":{"line":43,"column":8},"end":{"line":43,"column":22}},"loc":{"start":{"line":43,"column":50},"end":{"line":48,"column":null}}},"5":{"name":"(anonymous_14)","decl":{"start":{"line":50,"column":8},"end":{"line":50,"column":23}},"loc":{"start":{"line":50,"column":71},"end":{"line":63,"column":null}}},"6":{"name":"(anonymous_16)","decl":{"start":{"line":85,"column":8},"end":{"line":85,"column":18}},"loc":{"start":{"line":85,"column":46},"end":{"line":90,"column":null}}},"7":{"name":"(anonymous_18)","decl":{"start":{"line":91,"column":8},"end":{"line":91,"column":26}},"loc":{"start":{"line":91,"column":54},"end":{"line":96,"column":null}}}},"branchMap":{"0":{"loc":{"start":{"line":70,"column":6},"end":{"line":73,"column":7}},"type":"if","locations":[{"start":{"line":70,"column":6},"end":{"line":73,"column":7}}]},"1":{"loc":{"start":{"line":29,"column":6},"end":{"line":32,"column":7}},"type":"if","locations":[{"start":{"line":29,"column":6},"end":{"line":32,"column":7}}]},"2":{"loc":{"start":{"line":54,"column":6},"end":{"line":56,"column":7}},"type":"if","locations":[{"start":{"line":54,"column":6},"end":{"line":56,"column":7}}]}},"s":{"0":0,"1":0,"2":0,"3":0,"4":0,"5":0,"6":0,"7":0,"8":0,"9":0,"10":0,"11":0,"12":0,"13":0,"14":0,"15":0,"16":0,"17":0,"18":0,"19":0,"20":0,"21":0,"22":0,"23":0,"24":0,"25":0,"26":0,"27":0,"28":0,"29":0,"30":0,"31":0,"32":0,"33":0,"34":0,"35":0,"36":0,"37":0,"38":0,"39":0,"40":0,"41":0,"42":0,"43":0,"44":0,"45":0,"46":0,"47":0,"48":0,"49":0,"50":0,"51":0,"52":0,"53":0,"54":0,"55":0,"56":0,"57":0,"58":0,"59":0},"f":{"0":0,"1":0,"2":0,"3":0,"4":0,"5":0,"6":0,"7":0},"b":{"0":[0],"1":[0],"2":[0]}}
,"/home/abhedakp/Documents/backend/session-05-starter/db/data-source.ts": {"path":"/home/abhedakp/Documents/backend/session-05-starter/db/data-source.ts","statementMap":{"0":{"start":{"line":1,"column":0},"end":{"line":1,"column":25}},"1":{"start":{"line":2,"column":0},"end":{"line":2,"column":37}},"2":{"start":{"line":3,"column":0},"end":{"line":3,"column":64}},"3":{"start":{"line":7,"column":0},"end":{"line":7,"column":22}},"4":{"start":{"line":8,"column":17},"end":{"line":21,"column":2}},"5":{"start":{"line":23,"column":0},"end":{"line":23,"column":26}}},"fnMap":{},"branchMap":{},"s":{"0":0,"1":0,"2":0,"3":0,"4":0,"5":0},"f":{},"b":{}}
,"/home/abhedakp/Documents/backend/session-05-starter/db/migrations/1747815793005-create-employee.ts": {"path":"/home/abhedakp/Documents/backend/session-05-starter/db/migrations/1747815793005-create-employee.ts","statementMap":{"0":{"start":{"line":4,"column":4},"end":{"line":4,"column":null}},"1":{"start":{"line":7,"column":8},"end":{"line":7,"column":397}},"2":{"start":{"line":11,"column":8},"end":{"line":11,"column":57}},"3":{"start":{"line":3,"column":0},"end":{"line":3,"column":13}}},"fnMap":{"0":{"name":"(anonymous_7)","decl":{"start":{"line":3,"column":0},"end":{"line":3,"column":13}},"loc":{"start":{"line":3,"column":0},"end":{"line":14,"column":1}}},"1":{"name":"(anonymous_8)","decl":{"start":{"line":6,"column":17},"end":{"line":6,"column":19}},"loc":{"start":{"line":6,"column":44},"end":{"line":8,"column":null}}},"2":{"name":"(anonymous_10)","decl":{"start":{"line":10,"column":17},"end":{"line":10,"column":21}},"loc":{"start":{"line":10,"column":46},"end":{"line":12,"column":null}}}},"branchMap":{},"s":{"0":0,"1":0,"2":0,"3":0},"f":{"0":0,"1":0,"2":0},"b":{}}
,"/home/abhedakp/Documents/backend/session-05-starter/db/migrations/1747817640476-add-age-to-employee.ts": {"path":"/home/abhedakp/Documents/backend/session-05-starter/db/migrations/1747817640476-add-age-to-employee.ts","statementMap":{"0":{"start":{"line":4,"column":4},"end":{"line":4,"column":null}},"1":{"start":{"line":7,"column":8},"end":{"line":7,"column":85}},"2":{"start":{"line":11,"column":8},"end":{"line":11,"column":76}},"3":{"start":{"line":3,"column":0},"end":{"line":3,"column":13}}},"fnMap":{"0":{"name":"(anonymous_7)","decl":{"start":{"line":3,"column":0},"end":{"line":3,"column":13}},"loc":{"start":{"line":3,"column":0},"end":{"line":14,"column":1}}},"1":{"name":"(anonymous_8)","decl":{"start":{"line":6,"column":17},"end":{"line":6,"column":19}},"loc":{"start":{"line":6,"column":44},"end":{"line":8,"column":null}}},"2":{"name":"(anonymous_10)","decl":{"start":{"line":10,"column":17},"end":{"line":10,"column":21}},"loc":{"start":{"line":10,"column":46},"end":{"line":12,"column":null}}}},"branchMap":{},"s":{"0":0,"1":0,"2":0,"3":0},"f":{"0":0,"1":0,"2":0},"b":{}}
,"/home/abhedakp/Documents/backend/session-05-starter/db/migrations/1747819221439-add-address.ts": {"path":"/home/abhedakp/Documents/backend/session-05-starter/db/migrations/1747819221439-add-address.ts","statementMap":{"0":{"start":{"line":4,"column":4},"end":{"line":4,"column":null}},"1":{"start":{"line":7,"column":8},"end":{"line":7,"column":337}},"2":{"start":{"line":11,"column":8},"end":{"line":11,"column":56}},"3":{"start":{"line":3,"column":0},"end":{"line":3,"column":13}}},"fnMap":{"0":{"name":"(anonymous_7)","decl":{"start":{"line":3,"column":0},"end":{"line":3,"column":13}},"loc":{"start":{"line":3,"column":0},"end":{"line":14,"column":1}}},"1":{"name":"(anonymous_8)","decl":{"start":{"line":6,"column":17},"end":{"line":6,"column":19}},"loc":{"start":{"line":6,"column":44},"end":{"line":8,"column":null}}},"2":{"name":"(anonymous_10)","decl":{"start":{"line":10,"column":17},"end":{"line":10,"column":21}},"loc":{"start":{"line":10,"column":46},"end":{"line":12,"column":null}}}},"branchMap":{},"s":{"0":0,"1":0,"2":0,"3":0},"f":{"0":0,"1":0,"2":0},"b":{}}
,"/home/abhedakp/Documents/backend/session-05-starter/db/migrations/1747821678820-add-one-to-one-relation-between-employee-and-address.ts": {"path":"/home/abhedakp/Documents/backend/session-05-starter/db/migrations/1747821678820-add-one-to-one-relation-between-employee-and-address.ts","statementMap":{"0":{"start":{"line":4,"column":4},"end":{"line":4,"column":null}},"1":{"start":{"line":7,"column":8},"end":{"line":7,"column":83}},"2":{"start":{"line":8,"column":8},"end":{"line":8,"column":128}},"3":{"start":{"line":9,"column":8},"end":{"line":9,"column":200}},"4":{"start":{"line":13,"column":8},"end":{"line":13,"column":107}},"5":{"start":{"line":14,"column":8},"end":{"line":14,"column":107}},"6":{"start":{"line":15,"column":8},"end":{"line":15,"column":83}},"7":{"start":{"line":3,"column":0},"end":{"line":3,"column":13}}},"fnMap":{"0":{"name":"(anonymous_7)","decl":{"start":{"line":3,"column":0},"end":{"line":3,"column":13}},"loc":{"start":{"line":3,"column":0},"end":{"line":18,"column":1}}},"1":{"name":"(anonymous_8)","decl":{"start":{"line":6,"column":17},"end":{"line":6,"column":19}},"loc":{"start":{"line":6,"column":44},"end":{"line":10,"column":null}}},"2":{"name":"(anonymous_10)","decl":{"start":{"line":12,"column":17},"end":{"line":12,"column":21}},"loc":{"start":{"line":12,"column":46},"end":{"line":16,"column":null}}}},"branchMap":{},"s":{"0":0,"1":0,"2":0,"3":0,"4":0,"5":0,"6":0,"7":0},"f":{"0":0,"1":0,"2":0},"b":{}}
,"/home/abhedakp/Documents/backend/session-05-starter/db/migrations/1747821866618-add-one-to-one-relation-between-employee-and-address-ondeletecascade.ts": {"path":"/home/abhedakp/Documents/backend/session-05-starter/db/migrations/1747821866618-add-one-to-one-relation-between-employee-and-address-ondeletecascade.ts","statementMap":{"0":{"start":{"line":4,"column":4},"end":{"line":4,"column":null}},"1":{"start":{"line":7,"column":8},"end":{"line":7,"column":107}},"2":{"start":{"line":8,"column":8},"end":{"line":8,"column":198}},"3":{"start":{"line":12,"column":8},"end":{"line":12,"column":107}},"4":{"start":{"line":13,"column":8},"end":{"line":13,"column":200}},"5":{"start":{"line":3,"column":0},"end":{"line":3,"column":13}}},"fnMap":{"0":{"name":"(anonymous_7)","decl":{"start":{"line":3,"column":0},"end":{"line":3,"column":13}},"loc":{"start":{"line":3,"column":0},"end":{"line":16,"column":1}}},"1":{"name":"(anonymous_8)","decl":{"start":{"line":6,"column":17},"end":{"line":6,"column":19}},"loc":{"start":{"line":6,"column":44},"end":{"line":9,"column":null}}},"2":{"name":"(anonymous_10)","decl":{"start":{"line":11,"column":17},"end":{"line":11,"column":21}},"loc":{"start":{"line":11,"column":46},"end":{"line":14,"column":null}}}},"branchMap":{},"s":{"0":0,"1":0,"2":0,"3":0,"4":0,"5":0},"f":{"0":0,"1":0,"2":0},"b":{}}
,"/home/abhedakp/Documents/backend/session-05-starter/db/migrations/1747848513202-add-one-to-one.ts": {"path":"/home/abhedakp/Documents/backend/session-05-starter/db/migrations/1747848513202-add-one-to-one.ts","statementMap":{"0":{"start":{"line":4,"column":4},"end":{"line":4,"column":null}},"1":{"start":{"line":7,"column":8},"end":{"line":7,"column":107}},"2":{"start":{"line":8,"column":8},"end":{"line":8,"column":200}},"3":{"start":{"line":12,"column":8},"end":{"line":12,"column":107}},"4":{"start":{"line":13,"column":8},"end":{"line":13,"column":198}},"5":{"start":{"line":3,"column":0},"end":{"line":3,"column":13}}},"fnMap":{"0":{"name":"(anonymous_7)","decl":{"start":{"line":3,"column":0},"end":{"line":3,"column":13}},"loc":{"start":{"line":3,"column":0},"end":{"line":16,"column":1}}},"1":{"name":"(anonymous_8)","decl":{"start":{"line":6,"column":17},"end":{"line":6,"column":19}},"loc":{"start":{"line":6,"column":44},"end":{"line":9,"column":null}}},"2":{"name":"(anonymous_10)","decl":{"start":{"line":11,"column":17},"end":{"line":11,"column":21}},"loc":{"start":{"line":11,"column":46},"end":{"line":14,"column":null}}}},"branchMap":{},"s":{"0":0,"1":0,"2":0,"3":0,"4":0,"5":0},"f":{"0":0,"1":0,"2":0},"b":{}}
,"/home/abhedakp/Documents/backend/session-05-starter/db/migrations/1747849609112-add-address-cascade.ts": {"path":"/home/abhedakp/Documents/backend/session-05-starter/db/migrations/1747849609112-add-address-cascade.ts","statementMap":{"0":{"start":{"line":4,"column":4},"end":{"line":4,"column":null}},"1":{"start":{"line":7,"column":8},"end":{"line":7,"column":107}},"2":{"start":{"line":8,"column":8},"end":{"line":8,"column":198}},"3":{"start":{"line":12,"column":8},"end":{"line":12,"column":107}},"4":{"start":{"line":13,"column":8},"end":{"line":13,"column":200}},"5":{"start":{"line":3,"column":0},"end":{"line":3,"column":13}}},"fnMap":{"0":{"name":"(anonymous_7)","decl":{"start":{"line":3,"column":0},"end":{"line":3,"column":13}},"loc":{"start":{"line":3,"column":0},"end":{"line":16,"column":1}}},"1":{"name":"(anonymous_8)","decl":{"start":{"line":6,"column":17},"end":{"line":6,"column":19}},"loc":{"start":{"line":6,"column":44},"end":{"line":9,"column":null}}},"2":{"name":"(anonymous_10)","decl":{"start":{"line":11,"column":17},"end":{"line":11,"column":21}},"loc":{"start":{"line":11,"column":46},"end":{"line":14,"column":null}}}},"branchMap":{},"s":{"0":0,"1":0,"2":0,"3":0,"4":0,"5":0},"f":{"0":0,"1":0,"2":0},"b":{}}
,"/home/abhedakp/Documents/backend/session-05-starter/db/migrations/1747974058653-add-department.ts": {"path":"/home/abhedakp/Documents/backend/session-05-starter/db/migrations/1747974058653-add-department.ts","statementMap":{"0":{"start":{"line":4,"column":4},"end":{"line":4,"column":null}},"1":{"start":{"line":7,"column":8},"end":{"line":7,"column":384}},"2":{"start":{"line":8,"column":8},"end":{"line":8,"column":119}},"3":{"start":{"line":9,"column":8},"end":{"line":9,"column":107}},"4":{"start":{"line":10,"column":8},"end":{"line":10,"column":204}},"5":{"start":{"line":14,"column":8},"end":{"line":14,"column":107}},"6":{"start":{"line":15,"column":8},"end":{"line":15,"column":131}},"7":{"start":{"line":16,"column":8},"end":{"line":16,"column":81}},"8":{"start":{"line":17,"column":8},"end":{"line":17,"column":59}},"9":{"start":{"line":3,"column":0},"end":{"line":3,"column":13}}},"fnMap":{"0":{"name":"(anonymous_7)","decl":{"start":{"line":3,"column":0},"end":{"line":3,"column":13}},"loc":{"start":{"line":3,"column":0},"end":{"line":20,"column":1}}},"1":{"name":"(anonymous_8)","decl":{"start":{"line":6,"column":17},"end":{"line":6,"column":19}},"loc":{"start":{"line":6,"column":44},"end":{"line":11,"column":null}}},"2":{"name":"(anonymous_10)","decl":{"start":{"line":13,"column":17},"end":{"line":13,"column":21}},"loc":{"start":{"line":13,"column":46},"end":{"line":18,"column":null}}}},"branchMap":{},"s":{"0":0,"1":0,"2":0,"3":0,"4":0,"5":0,"6":0,"7":0,"8":0,"9":0},"f":{"0":0,"1":0,"2":0},"b":{}}
,"/home/abhedakp/Documents/backend/session-05-starter/db/migrations/1747984678861-add-newrows-address.ts": {"path":"/home/abhedakp/Documents/backend/session-05-starter/db/migrations/1747984678861-add-newrows-address.ts","statementMap":{"0":{"start":{"line":4,"column":4},"end":{"line":4,"column":null}},"1":{"start":{"line":7,"column":8},"end":{"line":7,"column":99}},"2":{"start":{"line":8,"column":8},"end":{"line":8,"column":96}},"3":{"start":{"line":12,"column":8},"end":{"line":12,"column":77}},"4":{"start":{"line":13,"column":8},"end":{"line":13,"column":80}},"5":{"start":{"line":3,"column":0},"end":{"line":3,"column":13}}},"fnMap":{"0":{"name":"(anonymous_7)","decl":{"start":{"line":3,"column":0},"end":{"line":3,"column":13}},"loc":{"start":{"line":3,"column":0},"end":{"line":16,"column":1}}},"1":{"name":"(anonymous_8)","decl":{"start":{"line":6,"column":17},"end":{"line":6,"column":19}},"loc":{"start":{"line":6,"column":44},"end":{"line":9,"column":null}}},"2":{"name":"(anonymous_10)","decl":{"start":{"line":11,"column":17},"end":{"line":11,"column":21}},"loc":{"start":{"line":11,"column":46},"end":{"line":14,"column":null}}}},"branchMap":{},"s":{"0":0,"1":0,"2":0,"3":0,"4":0,"5":0},"f":{"0":0,"1":0,"2":0},"b":{}}
,"/home/abhedakp/Documents/backend/session-05-starter/db/migrations/1747989546482-add-newrows-employee.ts": {"path":"/home/abhedakp/Documents/backend/session-05-starter/db/migrations/1747989546482-add-newrows-employee.ts","statementMap":{"0":{"start":{"line":4,"column":4},"end":{"line":4,"column":null}},"1":{"start":{"line":7,"column":8},"end":{"line":7,"column":91}},"2":{"start":{"line":8,"column":8},"end":{"line":8,"column":79}},"3":{"start":{"line":9,"column":8},"end":{"line":9,"column":122}},"4":{"start":{"line":10,"column":8},"end":{"line":10,"column":129}},"5":{"start":{"line":14,"column":8},"end":{"line":14,"column":79}},"6":{"start":{"line":15,"column":8},"end":{"line":15,"column":77}},"7":{"start":{"line":16,"column":8},"end":{"line":16,"column":98}},"8":{"start":{"line":17,"column":8},"end":{"line":17,"column":91}},"9":{"start":{"line":3,"column":0},"end":{"line":3,"column":13}}},"fnMap":{"0":{"name":"(anonymous_7)","decl":{"start":{"line":3,"column":0},"end":{"line":3,"column":13}},"loc":{"start":{"line":3,"column":0},"end":{"line":20,"column":1}}},"1":{"name":"(anonymous_8)","decl":{"start":{"line":6,"column":17},"end":{"line":6,"column":19}},"loc":{"start":{"line":6,"column":44},"end":{"line":11,"column":null}}},"2":{"name":"(anonymous_10)","decl":{"start":{"line":13,"column":17},"end":{"line":13,"column":21}},"loc":{"start":{"line":13,"column":46},"end":{"line":18,"column":null}}}},"branchMap":{},"s":{"0":0,"1":0,"2":0,"3":0,"4":0,"5":0,"6":0,"7":0,"8":0,"9":0},"f":{"0":0,"1":0,"2":0},"b":{}}
,"/home/abhedakp/Documents/backend/session-05-starter/db/migrations/1747993914978-add-cascade.ts": {"path":"/home/abhedakp/Documents/backend/session-05-starter/db/migrations/1747993914978-add-cascade.ts","statementMap":{"0":{"start":{"line":4,"column":4},"end":{"line":4,"column":null}},"1":{"start":{"line":7,"column":8},"end":{"line":7,"column":107}},"2":{"start":{"line":8,"column":8},"end":{"line":8,"column":107}},"3":{"start":{"line":9,"column":8},"end":{"line":9,"column":107}},"4":{"start":{"line":10,"column":8},"end":{"line":10,"column":83}},"5":{"start":{"line":11,"column":8},"end":{"line":11,"column":83}},"6":{"start":{"line":12,"column":8},"end":{"line":12,"column":128}},"7":{"start":{"line":13,"column":8},"end":{"line":13,"column":199}},"8":{"start":{"line":14,"column":8},"end":{"line":14,"column":206}},"9":{"start":{"line":18,"column":8},"end":{"line":18,"column":107}},"10":{"start":{"line":19,"column":8},"end":{"line":19,"column":106}},"11":{"start":{"line":20,"column":8},"end":{"line":20,"column":106}},"12":{"start":{"line":21,"column":8},"end":{"line":21,"column":83}},"13":{"start":{"line":22,"column":8},"end":{"line":22,"column":83}},"14":{"start":{"line":23,"column":8},"end":{"line":23,"column":128}},"15":{"start":{"line":24,"column":8},"end":{"line":24,"column":204}},"16":{"start":{"line":25,"column":8},"end":{"line":25,"column":198}},"17":{"start":{"line":3,"column":0},"end":{"line":3,"column":13}}},"fnMap":{"0":{"name":"(anonymous_7)","decl":{"start":{"line":3,"column":0},"end":{"line":3,"column":13}},"loc":{"start":{"line":3,"column":0},"end":{"line":28,"column":1}}},"1":{"name":"(anonymous_8)","decl":{"start":{"line":6,"column":17},"end":{"line":6,"column":19}},"loc":{"start":{"line":6,"column":44},"end":{"line":15,"column":null}}},"2":{"name":"(anonymous_10)","decl":{"start":{"line":17,"column":17},"end":{"line":17,"column":21}},"loc":{"start":{"line":17,"column":46},"end":{"line":26,"column":null}}}},"branchMap":{},"s":{"0":0,"1":0,"2":0,"3":0,"4":0,"5":0,"6":0,"7":0,"8":0,"9":0,"10":0,"11":0,"12":0,"13":0,"14":0,"15":0,"16":0,"17":0},"f":{"0":0,"1":0,"2":0},"b":{}}
,"/home/abhedakp/Documents/backend/session-05-starter/dto/address.dto.ts": {"path":"/home/abhedakp/Documents/backend/session-05-starter/dto/address.dto.ts","statementMap":{"0":{"start":{"line":1,"column":0},"end":{"line":1,"column":55}},"1":{"start":{"line":3,"column":0},"end":{"line":3,"column":13}},"2":{"start":{"line":6,"column":2},"end":{"line":6,"column":null}},"3":{"start":{"line":10,"column":2},"end":{"line":10,"column":null}},"4":{"start":{"line":14,"column":2},"end":{"line":14,"column":null}},"5":{"start":{"line":18,"column":2},"end":{"line":18,"column":null}}},"fnMap":{},"branchMap":{},"s":{"0":0,"1":0,"2":0,"3":0,"4":0,"5":0},"f":{},"b":{}}
,"/home/abhedakp/Documents/backend/session-05-starter/dto/department.dto.ts": {"path":"/home/abhedakp/Documents/backend/session-05-starter/dto/department.dto.ts","statementMap":{"0":{"start":{"line":1,"column":0},"end":{"line":1,"column":65}},"1":{"start":{"line":4,"column":0},"end":{"line":4,"column":13}},"2":{"start":{"line":8,"column":2},"end":{"line":8,"column":null}}},"fnMap":{},"branchMap":{},"s":{"0":0,"1":0,"2":0},"f":{},"b":{}}
,"/home/abhedakp/Documents/backend/session-05-starter/dto/employee.dto.ts": {"path":"/home/abhedakp/Documents/backend/session-05-starter/dto/employee.dto.ts","statementMap":{"0":{"start":{"line":1,"column":0},"end":{"line":1,"column":172}},"1":{"start":{"line":2,"column":0},"end":{"line":2,"column":49}},"2":{"start":{"line":3,"column":0},"end":{"line":3,"column":41}},"3":{"start":{"line":4,"column":0},"end":{"line":4,"column":67}},"4":{"start":{"line":6,"column":0},"end":{"line":6,"column":13}},"5":{"start":{"line":9,"column":2},"end":{"line":9,"column":null}},"6":{"start":{"line":13,"column":2},"end":{"line":13,"column":null}},"7":{"start":{"line":17,"column":2},"end":{"line":17,"column":null}},"8":{"start":{"line":22,"column":2},"end":{"line":22,"column":null}},"9":{"start":{"line":26,"column":2},"end":{"line":26,"column":null}},"10":{"start":{"line":29,"column":2},"end":{"line":29,"column":null}},"11":{"start":{"line":33,"column":2},"end":{"line":33,"column":null}},"12":{"start":{"line":36,"column":2},"end":{"line":36,"column":null}},"13":{"start":{"line":41,"column":2},"end":{"line":41,"column":null}},"14":{"start":{"line":45,"column":2},"end":{"line":45,"column":null}},"15":{"start":{"line":44,"column":14},"end":{"line":44,"column":30}},"16":{"start":{"line":49,"column":2},"end":{"line":49,"column":null}}},"fnMap":{"0":{"name":"(anonymous_2)","decl":{"start":{"line":44,"column":8},"end":{"line":44,"column":11}},"loc":{"start":{"line":44,"column":14},"end":{"line":44,"column":30}}}},"branchMap":{},"s":{"0":0,"1":0,"2":0,"3":0,"4":0,"5":0,"6":0,"7":0,"8":0,"9":0,"10":0,"11":0,"12":0,"13":0,"14":0,"15":0,"16":0},"f":{"0":0},"b":{}}
,"/home/abhedakp/Documents/backend/session-05-starter/dto/jwt-payload.ts": {"path":"/home/abhedakp/Documents/backend/session-05-starter/dto/jwt-payload.ts","statementMap":{"0":{"start":{"line":3,"column":0},"end":{"line":3,"column":13}}},"fnMap":{},"branchMap":{},"s":{"0":0},"f":{},"b":{}}
,"/home/abhedakp/Documents/backend/session-05-starter/dto/update.dto.ts": {"path":"/home/abhedakp/Documents/backend/session-05-starter/dto/update.dto.ts","statementMap":{"0":{"start":{"line":1,"column":0},"end":{"line":1,"column":120}},"1":{"start":{"line":3,"column":0},"end":{"line":3,"column":41}},"2":{"start":{"line":4,"column":0},"end":{"line":4,"column":52}},"3":{"start":{"line":6,"column":0},"end":{"line":6,"column":53}},"4":{"start":{"line":8,"column":0},"end":{"line":8,"column":13}},"5":{"start":{"line":12,"column":2},"end":{"line":12,"column":null}},"6":{"start":{"line":16,"column":2},"end":{"line":16,"column":null}},"7":{"start":{"line":20,"column":2},"end":{"line":20,"column":null}},"8":{"start":{"line":23,"column":2},"end":{"line":23,"column":null}},"9":{"start":{"line":28,"column":4},"end":{"line":28,"column":null}},"10":{"start":{"line":31,"column":4},"end":{"line":31,"column":null}},"11":{"start":{"line":34,"column":4},"end":{"line":34,"column":null}},"12":{"start":{"line":39,"column":4},"end":{"line":39,"column":null}},"13":{"start":{"line":44,"column":2},"end":{"line":44,"column":null}},"14":{"start":{"line":43,"column":14},"end":{"line":43,"column":30}},"15":{"start":{"line":48,"column":2},"end":{"line":48,"column":null}}},"fnMap":{"0":{"name":"(anonymous_2)","decl":{"start":{"line":43,"column":8},"end":{"line":43,"column":11}},"loc":{"start":{"line":43,"column":14},"end":{"line":43,"column":30}}}},"branchMap":{},"s":{"0":0,"1":0,"2":0,"3":0,"4":0,"5":0,"6":0,"7":0,"8":0,"9":0,"10":0,"11":0,"12":0,"13":0,"14":0,"15":0},"f":{"0":0},"b":{}}
,"/home/abhedakp/Documents/backend/session-05-starter/dto/updateDept.dto.ts": {"path":"/home/abhedakp/Documents/backend/session-05-starter/dto/updateDept.dto.ts","statementMap":{"0":{"start":{"line":1,"column":0},"end":{"line":1,"column":55}},"1":{"start":{"line":3,"column":0},"end":{"line":3,"column":13}},"2":{"start":{"line":6,"column":2},"end":{"line":6,"column":null}}},"fnMap":{},"branchMap":{},"s":{"0":0,"1":0,"2":0},"f":{},"b":{}}
,"/home/abhedakp/Documents/backend/session-05-starter/dto/updateaddr.dto.ts": {"path":"/home/abhedakp/Documents/backend/session-05-starter/dto/updateaddr.dto.ts","statementMap":{"0":{"start":{"line":1,"column":0},"end":{"line":1,"column":55}},"1":{"start":{"line":3,"column":0},"end":{"line":3,"column":13}},"2":{"start":{"line":6,"column":2},"end":{"line":6,"column":null}},"3":{"start":{"line":10,"column":2},"end":{"line":10,"column":null}},"4":{"start":{"line":14,"column":2},"end":{"line":14,"column":null}},"5":{"start":{"line":18,"column":2},"end":{"line":18,"column":null}}},"fnMap":{},"branchMap":{},"s":{"0":0,"1":0,"2":0,"3":0,"4":0,"5":0},"f":{},"b":{}}
,"/home/abhedakp/Documents/backend/session-05-starter/entities/abstract.entity.ts": {"path":"/home/abhedakp/Documents/backend/session-05-starter/entities/abstract.entity.ts","statementMap":{"0":{"start":{"line":1,"column":0},"end":{"line":1,"column":111}},"1":{"start":{"line":4,"column":4},"end":{"line":4,"column":null}},"2":{"start":{"line":7,"column":4},"end":{"line":7,"column":null}},"3":{"start":{"line":10,"column":4},"end":{"line":10,"column":null}},"4":{"start":{"line":13,"column":4},"end":{"line":13,"column":null}},"5":{"start":{"line":18,"column":2},"end":{"line":18,"column":null}}},"fnMap":{},"branchMap":{},"s":{"0":1,"1":1,"2":1,"3":1,"4":1,"5":1},"f":{},"b":{}}
,"/home/abhedakp/Documents/backend/session-05-starter/entities/address.entity.ts": {"path":"/home/abhedakp/Documents/backend/session-05-starter/entities/address.entity.ts","statementMap":{"0":{"start":{"line":1,"column":0},"end":{"line":1,"column":null}},"1":{"start":{"line":11,"column":0},"end":{"line":11,"column":47}},"2":{"start":{"line":12,"column":0},"end":{"line":12,"column":41}},"3":{"start":{"line":15,"column":0},"end":{"line":34,"column":null}},"4":{"start":{"line":17,"column":2},"end":{"line":17,"column":null}},"5":{"start":{"line":20,"column":2},"end":{"line":20,"column":null}},"6":{"start":{"line":23,"column":2},"end":{"line":23,"column":null}},"7":{"start":{"line":26,"column":2},"end":{"line":26,"column":null}},"8":{"start":{"line":32,"column":3},"end":{"line":32,"column":null}},"9":{"start":{"line":28,"column":15},"end":{"line":28,"column":23}},"10":{"start":{"line":15,"column":6},"end":{"line":34,"column":null}},"11":{"start":{"line":35,"column":0},"end":{"line":35,"column":23}}},"fnMap":{"0":{"name":"(anonymous_3)","decl":{"start":{"line":28,"column":11},"end":{"line":28,"column":13}},"loc":{"start":{"line":28,"column":15},"end":{"line":28,"column":23}}}},"branchMap":{},"s":{"0":1,"1":1,"2":1,"3":1,"4":1,"5":1,"6":1,"7":1,"8":1,"9":0,"10":1,"11":1},"f":{"0":0},"b":{}}
,"/home/abhedakp/Documents/backend/session-05-starter/entities/department.entity.ts": {"path":"/home/abhedakp/Documents/backend/session-05-starter/entities/department.entity.ts","statementMap":{"0":{"start":{"line":1,"column":0},"end":{"line":1,"column":null}},"1":{"start":{"line":13,"column":0},"end":{"line":13,"column":47}},"2":{"start":{"line":15,"column":0},"end":{"line":15,"column":41}},"3":{"start":{"line":17,"column":0},"end":{"line":24,"column":null}},"4":{"start":{"line":20,"column":2},"end":{"line":20,"column":null}},"5":{"start":{"line":23,"column":3},"end":{"line":23,"column":null}},"6":{"start":{"line":22,"column":18},"end":{"line":22,"column":26}},"7":{"start":{"line":22,"column":39},"end":{"line":22,"column":58}},"8":{"start":{"line":17,"column":6},"end":{"line":24,"column":null}},"9":{"start":{"line":27,"column":0},"end":{"line":27,"column":26}}},"fnMap":{"0":{"name":"(anonymous_3)","decl":{"start":{"line":22,"column":14},"end":{"line":22,"column":16}},"loc":{"start":{"line":22,"column":18},"end":{"line":22,"column":26}}},"1":{"name":"(anonymous_4)","decl":{"start":{"line":22,"column":27},"end":{"line":22,"column":28}},"loc":{"start":{"line":22,"column":39},"end":{"line":22,"column":58}}}},"branchMap":{},"s":{"0":1,"1":1,"2":1,"3":1,"4":1,"5":1,"6":0,"7":0,"8":1,"9":1},"f":{"0":0,"1":0},"b":{}}
,"/home/abhedakp/Documents/backend/session-05-starter/entities/employee.entity.ts": {"path":"/home/abhedakp/Documents/backend/session-05-starter/entities/employee.entity.ts","statementMap":{"0":{"start":{"line":1,"column":0},"end":{"line":1,"column":null}},"1":{"start":{"line":13,"column":0},"end":{"line":13,"column":47}},"2":{"start":{"line":14,"column":0},"end":{"line":14,"column":39}},"3":{"start":{"line":15,"column":0},"end":{"line":15,"column":45}},"4":{"start":{"line":16,"column":0},"end":{"line":16,"column":null}},"5":{"start":{"line":17,"column":2},"end":{"line":17,"column":null}},"6":{"start":{"line":18,"column":2},"end":{"line":18,"column":null}},"7":{"start":{"line":19,"column":2},"end":{"line":19,"column":null}},"8":{"start":{"line":20,"column":2},"end":{"line":20,"column":null}},"9":{"start":{"line":23,"column":0},"end":{"line":23,"column":null}},"10":{"start":{"line":24,"column":5},"end":{"line":24,"column":null}},"11":{"start":{"line":25,"column":5},"end":{"line":25,"column":null}},"12":{"start":{"line":26,"column":5},"end":{"line":26,"column":null}},"13":{"start":{"line":30,"column":0},"end":{"line":77,"column":null}},"14":{"start":{"line":32,"column":2},"end":{"line":32,"column":null}},"15":{"start":{"line":35,"column":2},"end":{"line":35,"column":null}},"16":{"start":{"line":38,"column":2},"end":{"line":38,"column":null}},"17":{"start":{"line":41,"column":2},"end":{"line":41,"column":null}},"18":{"start":{"line":48,"column":3},"end":{"line":48,"column":null}},"19":{"start":{"line":51,"column":2},"end":{"line":51,"column":null}},"20":{"start":{"line":54,"column":2},"end":{"line":54,"column":null}},"21":{"start":{"line":60,"column":3},"end":{"line":60,"column":null}},"22":{"start":{"line":56,"column":18},"end":{"line":56,"column":25}},"23":{"start":{"line":56,"column":37},"end":{"line":56,"column":53}},"24":{"start":{"line":63,"column":3},"end":{"line":63,"column":null}},"25":{"start":{"line":68,"column":3},"end":{"line":68,"column":null}},"26":{"start":{"line":66,"column":20},"end":{"line":66,"column":30}},"27":{"start":{"line":66,"column":45},"end":{"line":66,"column":64}},"28":{"start":{"line":76,"column":4},"end":{"line":76,"column":null}},"29":{"start":{"line":30,"column":6},"end":{"line":77,"column":null}},"30":{"start":{"line":79,"column":0},"end":{"line":79,"column":24}}},"fnMap":{"0":{"name":"(anonymous_3)","decl":{"start":{"line":16,"column":0},"end":{"line":16,"column":12}},"loc":{"start":{"line":16,"column":24},"end":{"line":21,"column":1}}},"1":{"name":"(anonymous_4)","decl":{"start":{"line":23,"column":0},"end":{"line":23,"column":12}},"loc":{"start":{"line":23,"column":18},"end":{"line":27,"column":1}}},"2":{"name":"(anonymous_5)","decl":{"start":{"line":56,"column":13},"end":{"line":56,"column":16}},"loc":{"start":{"line":56,"column":18},"end":{"line":56,"column":25}}},"3":{"name":"(anonymous_6)","decl":{"start":{"line":56,"column":26},"end":{"line":56,"column":27}},"loc":{"start":{"line":56,"column":37},"end":{"line":56,"column":53}}},"4":{"name":"(anonymous_7)","decl":{"start":{"line":66,"column":15},"end":{"line":66,"column":18}},"loc":{"start":{"line":66,"column":20},"end":{"line":66,"column":30}}},"5":{"name":"(anonymous_8)","decl":{"start":{"line":66,"column":31},"end":{"line":66,"column":32}},"loc":{"start":{"line":66,"column":45},"end":{"line":66,"column":64}}}},"branchMap":{"0":{"loc":{"start":{"line":16,"column":12},"end":{"line":16,"column":null}},"type":"binary-expr","locations":[{"start":{"line":16,"column":12},"end":{"line":16,"column":24}},{"start":{"line":16,"column":24},"end":{"line":16,"column":null}}]},"1":{"loc":{"start":{"line":23,"column":12},"end":{"line":23,"column":null}},"type":"binary-expr","locations":[{"start":{"line":23,"column":12},"end":{"line":23,"column":18}},{"start":{"line":23,"column":18},"end":{"line":23,"column":null}}]}},"s":{"0":1,"1":1,"2":1,"3":1,"4":1,"5":1,"6":1,"7":1,"8":1,"9":1,"10":1,"11":1,"12":1,"13":1,"14":1,"15":1,"16":1,"17":1,"18":1,"19":1,"20":1,"21":1,"22":0,"23":0,"24":1,"25":1,"26":0,"27":0,"28":1,"29":1,"30":1},"f":{"0":1,"1":1,"2":0,"3":0,"4":0,"5":0},"b":{"0":[1,1],"1":[1,1]}}
,"/home/abhedakp/Documents/backend/session-05-starter/exception/httpException.ts": {"path":"/home/abhedakp/Documents/backend/session-05-starter/exception/httpException.ts","statementMap":{"0":{"start":{"line":5,"column":8},"end":{"line":5,"column":23}},"1":{"start":{"line":6,"column":8},"end":{"line":6,"column":27}},"2":{"start":{"line":7,"column":8},"end":{"line":7,"column":29}},"3":{"start":{"line":1,"column":0},"end":{"line":1,"column":13}}},"fnMap":{"0":{"name":"(anonymous_0)","decl":{"start":{"line":4,"column":4},"end":{"line":4,"column":16}},"loc":{"start":{"line":4,"column":44},"end":{"line":8,"column":5}}}},"branchMap":{},"s":{"0":0,"1":0,"2":0,"3":0},"f":{"0":0},"b":{}}
,"/home/abhedakp/Documents/backend/session-05-starter/middlewares/authMiddleware.ts": {"path":"/home/abhedakp/Documents/backend/session-05-starter/middlewares/authMiddleware.ts","statementMap":{"0":{"start":{"line":2,"column":0},"end":{"line":2,"column":59}},"1":{"start":{"line":4,"column":0},"end":{"line":4,"column":48}},"2":{"start":{"line":5,"column":0},"end":{"line":5,"column":30}},"3":{"start":{"line":7,"column":15},"end":{"line":16,"column":1}},"4":{"start":{"line":8,"column":18},"end":{"line":8,"column":43}},"5":{"start":{"line":9,"column":4},"end":{"line":10,"column":54}},"6":{"start":{"line":10,"column":8},"end":{"line":10,"column":54}},"7":{"start":{"line":11,"column":23},"end":{"line":11,"column":39}},"8":{"start":{"line":12,"column":4},"end":{"line":13,"column":null}},"9":{"start":{"line":13,"column":8},"end":{"line":13,"column":null}},"10":{"start":{"line":14,"column":4},"end":{"line":14,"column":null}},"11":{"start":{"line":17,"column":21},"end":{"line":32,"column":1}},"12":{"start":{"line":18,"column":20},"end":{"line":18,"column":33}},"13":{"start":{"line":19,"column":7},"end":{"line":20,"column":null}},"14":{"start":{"line":20,"column":11},"end":{"line":20,"column":null}},"15":{"start":{"line":21,"column":8},"end":{"line":27,"column":9}},"16":{"start":{"line":22,"column":26},"end":{"line":22,"column":68}},"17":{"start":{"line":23,"column":12},"end":{"line":23,"column":29}},"18":{"start":{"line":26,"column":12},"end":{"line":26,"column":null}},"19":{"start":{"line":30,"column":8},"end":{"line":30,"column":15}},"20":{"start":{"line":33,"column":1},"end":{"line":33,"column":null}}},"fnMap":{"0":{"name":"(anonymous_1)","decl":{"start":{"line":7,"column":15},"end":{"line":7,"column":16}},"loc":{"start":{"line":7,"column":38},"end":{"line":16,"column":1}}},"1":{"name":"(anonymous_2)","decl":{"start":{"line":17,"column":21},"end":{"line":17,"column":22}},"loc":{"start":{"line":17,"column":67},"end":{"line":32,"column":1}}}},"branchMap":{"0":{"loc":{"start":{"line":9,"column":4},"end":{"line":10,"column":54}},"type":"if","locations":[{"start":{"line":9,"column":4},"end":{"line":10,"column":54}}]},"1":{"loc":{"start":{"line":12,"column":4},"end":{"line":13,"column":null}},"type":"if","locations":[{"start":{"line":12,"column":4},"end":{"line":13,"column":null}}]},"2":{"loc":{"start":{"line":19,"column":7},"end":{"line":20,"column":null}},"type":"if","locations":[{"start":{"line":19,"column":7},"end":{"line":20,"column":null}}]}},"s":{"0":0,"1":0,"2":0,"3":0,"4":0,"5":0,"6":0,"7":0,"8":0,"9":0,"10":0,"11":0,"12":0,"13":0,"14":0,"15":0,"16":0,"17":0,"18":0,"19":0,"20":0},"f":{"0":0,"1":0},"b":{"0":[0],"1":[0],"2":[0]}}
,"/home/abhedakp/Documents/backend/session-05-starter/middlewares/authorization.middleware.ts": {"path":"/home/abhedakp/Documents/backend/session-05-starter/middlewares/authorization.middleware.ts","statementMap":{"0":{"start":{"line":3,"column":0},"end":{"line":3,"column":59}},"1":{"start":{"line":5,"column":37},"end":{"line":14,"column":1}},"2":{"start":{"line":6,"column":4},"end":{"line":13,"column":null}},"3":{"start":{"line":7,"column":19},"end":{"line":7,"column":33}},"4":{"start":{"line":9,"column":4},"end":{"line":11,"column":5}},"5":{"start":{"line":10,"column":8},"end":{"line":10,"column":84}},"6":{"start":{"line":12,"column":4},"end":{"line":12,"column":11}},"7":{"start":{"line":5,"column":13},"end":{"line":5,"column":37}}},"fnMap":{"0":{"name":"(anonymous_0)","decl":{"start":{"line":5,"column":37},"end":{"line":5,"column":38}},"loc":{"start":{"line":5,"column":60},"end":{"line":14,"column":1}}},"1":{"name":"(anonymous_1)","decl":{"start":{"line":6,"column":11},"end":{"line":6,"column":12}},"loc":{"start":{"line":6,"column":57},"end":{"line":13,"column":1}}}},"branchMap":{"0":{"loc":{"start":{"line":7,"column":19},"end":{"line":7,"column":33}},"type":"cond-expr","locations":[{"start":{"line":7,"column":27},"end":{"line":7,"column":29}},{"start":{"line":7,"column":27},"end":{"line":7,"column":33}}]},"1":{"loc":{"start":{"line":7,"column":19},"end":{"line":7,"column":29}},"type":"binary-expr","locations":[{"start":{"line":7,"column":19},"end":{"line":7,"column":29}},{"start":{"line":7,"column":27},"end":{"line":7,"column":29}}]},"2":{"loc":{"start":{"line":9,"column":4},"end":{"line":11,"column":5}},"type":"if","locations":[{"start":{"line":9,"column":4},"end":{"line":11,"column":5}}]}},"s":{"0":0,"1":0,"2":0,"3":0,"4":0,"5":0,"6":0,"7":0},"f":{"0":0,"1":0},"b":{"0":[0,0],"1":[0,0],"2":[0]}}
,"/home/abhedakp/Documents/backend/session-05-starter/middlewares/errorMiddleware.ts": {"path":"/home/abhedakp/Documents/backend/session-05-starter/middlewares/errorMiddleware.ts","statementMap":{"0":{"start":{"line":2,"column":0},"end":{"line":2,"column":59}},"1":{"start":{"line":4,"column":0},"end":{"line":4,"column":59}},"2":{"start":{"line":5,"column":13},"end":{"line":5,"column":47}},"3":{"start":{"line":6,"column":29},"end":{"line":24,"column":1}},"4":{"start":{"line":7,"column":11},"end":{"line":23,"column":12}},"5":{"start":{"line":8,"column":13},"end":{"line":18,"column":14}},"6":{"start":{"line":9,"column":36},"end":{"line":9,"column":55}},"7":{"start":{"line":10,"column":37},"end":{"line":10,"column":76}},"8":{"start":{"line":11,"column":29},"end":{"line":11,"column":46}},"9":{"start":{"line":12,"column":16},"end":{"line":12,"column":50}},"10":{"start":{"line":13,"column":16},"end":{"line":13,"column":null}},"11":{"start":{"line":16,"column":15},"end":{"line":16,"column":null}},"12":{"start":{"line":17,"column":15},"end":{"line":17,"column":null}},"13":{"start":{"line":22,"column":12},"end":{"line":22,"column":null}},"14":{"start":{"line":6,"column":13},"end":{"line":6,"column":29}}},"fnMap":{"0":{"name":"(anonymous_0)","decl":{"start":{"line":6,"column":29},"end":{"line":6,"column":30}},"loc":{"start":{"line":6,"column":88},"end":{"line":24,"column":1}}}},"branchMap":{"0":{"loc":{"start":{"line":8,"column":13},"end":{"line":18,"column":14}},"type":"if","locations":[{"start":{"line":8,"column":13},"end":{"line":18,"column":14}},{"start":{"line":15,"column":17},"end":{"line":18,"column":14}}]},"1":{"loc":{"start":{"line":9,"column":36},"end":{"line":9,"column":55}},"type":"binary-expr","locations":[{"start":{"line":9,"column":36},"end":{"line":9,"column":48}},{"start":{"line":9,"column":52},"end":{"line":9,"column":55}}]},"2":{"loc":{"start":{"line":10,"column":37},"end":{"line":10,"column":76}},"type":"binary-expr","locations":[{"start":{"line":10,"column":37},"end":{"line":10,"column":50}},{"start":{"line":10,"column":54},"end":{"line":10,"column":76}}]}},"s":{"0":0,"1":0,"2":0,"3":0,"4":0,"5":0,"6":0,"7":0,"8":0,"9":0,"10":0,"11":0,"12":0,"13":0,"14":0},"f":{"0":0},"b":{"0":[0,0],"1":[0,0],"2":[0,0]}}
,"/home/abhedakp/Documents/backend/session-05-starter/middlewares/loggerMiddleware.ts": {"path":"/home/abhedakp/Documents/backend/session-05-starter/middlewares/loggerMiddleware.ts","statementMap":{"0":{"start":{"line":1,"column":25},"end":{"line":9,"column":1}},"1":{"start":{"line":2,"column":2},"end":{"line":6,"column":5}},"2":{"start":{"line":3,"column":4},"end":{"line":5,"column":6}},"3":{"start":{"line":8,"column":2},"end":{"line":8,"column":9}},"4":{"start":{"line":11,"column":0},"end":{"line":11,"column":32}}},"fnMap":{"0":{"name":"(anonymous_0)","decl":{"start":{"line":1,"column":25},"end":{"line":1,"column":26}},"loc":{"start":{"line":1,"column":44},"end":{"line":9,"column":1}}},"1":{"name":"(anonymous_1)","decl":{"start":{"line":2,"column":19},"end":{"line":2,"column":22}},"loc":{"start":{"line":2,"column":24},"end":{"line":6,"column":3}}}},"branchMap":{},"s":{"0":0,"1":0,"2":0,"3":0,"4":0},"f":{"0":0,"1":0},"b":{}}
,"/home/abhedakp/Documents/backend/session-05-starter/middlewares/processTimeMiddleware.ts": {"path":"/home/abhedakp/Documents/backend/session-05-starter/middlewares/processTimeMiddleware.ts","statementMap":{"0":{"start":{"line":1,"column":37},"end":{"line":10,"column":1}},"1":{"start":{"line":2,"column":20},"end":{"line":2,"column":30}},"2":{"start":{"line":3,"column":14},"end":{"line":3,"column":21}},"3":{"start":{"line":4,"column":2},"end":{"line":8,"column":4}},"4":{"start":{"line":5,"column":24},"end":{"line":5,"column":46}},"5":{"start":{"line":6,"column":4},"end":{"line":6,"column":49}},"6":{"start":{"line":7,"column":4},"end":{"line":7,"column":35}},"7":{"start":{"line":9,"column":2},"end":{"line":9,"column":9}},"8":{"start":{"line":1,"column":13},"end":{"line":1,"column":37}},"9":{"start":{"line":12,"column":0},"end":{"line":12,"column":37}}},"fnMap":{"0":{"name":"(anonymous_0)","decl":{"start":{"line":1,"column":37},"end":{"line":1,"column":38}},"loc":{"start":{"line":1,"column":56},"end":{"line":10,"column":1}}},"1":{"name":"(anonymous_1)","decl":{"start":{"line":4,"column":12},"end":{"line":4,"column":22}},"loc":{"start":{"line":4,"column":37},"end":{"line":8,"column":3}}}},"branchMap":{},"s":{"0":0,"1":0,"2":0,"3":0,"4":0,"5":0,"6":0,"7":0,"8":0,"9":0},"f":{"0":0,"1":0},"b":{}}
,"/home/abhedakp/Documents/backend/session-05-starter/repositories/department.repositories.ts": {"path":"/home/abhedakp/Documents/backend/session-05-starter/repositories/department.repositories.ts","statementMap":{"0":{"start":{"line":6,"column":24},"end":{"line":6,"column":57}},"1":{"start":{"line":8,"column":8},"end":{"line":8,"column":48}},"2":{"start":{"line":12,"column":8},"end":{"line":12,"column":38}},"3":{"start":{"line":17,"column":8},"end":{"line":17,"column":47}},"4":{"start":{"line":21,"column":12},"end":{"line":25,"column":14}},"5":{"start":{"line":28,"column":8},"end":{"line":28,"column":57}},"6":{"start":{"line":33,"column":14},"end":{"line":33,"column":null}},"7":{"start":{"line":37,"column":8},"end":{"line":37,"column":null}},"8":{"start":{"line":40,"column":8},"end":{"line":40,"column":null}},"9":{"start":{"line":5,"column":0},"end":{"line":5,"column":13}}},"fnMap":{"0":{"name":"(anonymous_7)","decl":{"start":{"line":6,"column":4},"end":{"line":6,"column":24}},"loc":{"start":{"line":6,"column":57},"end":{"line":6,"column":60}}},"1":{"name":"(anonymous_8)","decl":{"start":{"line":7,"column":10},"end":{"line":7,"column":16}},"loc":{"start":{"line":7,"column":38},"end":{"line":9,"column":null}}},"2":{"name":"(anonymous_10)","decl":{"start":{"line":11,"column":10},"end":{"line":11,"column":18}},"loc":{"start":{"line":11,"column":18},"end":{"line":13,"column":null}}},"3":{"name":"(anonymous_12)","decl":{"start":{"line":16,"column":10},"end":{"line":16,"column":22}},"loc":{"start":{"line":16,"column":32},"end":{"line":18,"column":null}}},"4":{"name":"(anonymous_14)","decl":{"start":{"line":20,"column":11},"end":{"line":20,"column":33}},"loc":{"start":{"line":20,"column":43},"end":{"line":26,"column":null}}},"5":{"name":"(anonymous_16)","decl":{"start":{"line":27,"column":10},"end":{"line":27,"column":16}},"loc":{"start":{"line":27,"column":48},"end":{"line":29,"column":null}}},"6":{"name":"(anonymous_18)","decl":{"start":{"line":32,"column":10},"end":{"line":32,"column":16}},"loc":{"start":{"line":32,"column":26},"end":{"line":34,"column":null}}},"7":{"name":"(anonymous_20)","decl":{"start":{"line":36,"column":10},"end":{"line":36,"column":16}},"loc":{"start":{"line":36,"column":38},"end":{"line":38,"column":null}}},"8":{"name":"(anonymous_22)","decl":{"start":{"line":39,"column":10},"end":{"line":39,"column":20}},"loc":{"start":{"line":39,"column":42},"end":{"line":41,"column":null}}}},"branchMap":{},"s":{"0":0,"1":0,"2":0,"3":0,"4":0,"5":0,"6":0,"7":0,"8":0,"9":0},"f":{"0":0,"1":0,"2":0,"3":0,"4":0,"5":0,"6":0,"7":0,"8":0},"b":{}}
,"/home/abhedakp/Documents/backend/session-05-starter/repositories/employee.repositories.ts": {"path":"/home/abhedakp/Documents/backend/session-05-starter/repositories/employee.repositories.ts","statementMap":{"0":{"start":{"line":5,"column":24},"end":{"line":5,"column":55}},"1":{"start":{"line":7,"column":8},"end":{"line":7,"column":46}},"2":{"start":{"line":11,"column":8},"end":{"line":16,"column":11}},"3":{"start":{"line":20,"column":8},"end":{"line":26,"column":7}},"4":{"start":{"line":30,"column":8},"end":{"line":30,"column":null}},"5":{"start":{"line":33,"column":8},"end":{"line":33,"column":55}},"6":{"start":{"line":37,"column":14},"end":{"line":37,"column":null}},"7":{"start":{"line":41,"column":8},"end":{"line":41,"column":null}},"8":{"start":{"line":44,"column":8},"end":{"line":44,"column":null}},"9":{"start":{"line":4,"column":0},"end":{"line":4,"column":13}}},"fnMap":{"0":{"name":"(anonymous_7)","decl":{"start":{"line":5,"column":4},"end":{"line":5,"column":24}},"loc":{"start":{"line":5,"column":55},"end":{"line":5,"column":58}}},"1":{"name":"(anonymous_8)","decl":{"start":{"line":6,"column":10},"end":{"line":6,"column":16}},"loc":{"start":{"line":6,"column":34},"end":{"line":8,"column":null}}},"2":{"name":"(anonymous_10)","decl":{"start":{"line":10,"column":10},"end":{"line":10,"column":18}},"loc":{"start":{"line":10,"column":18},"end":{"line":17,"column":null}}},"3":{"name":"(anonymous_12)","decl":{"start":{"line":19,"column":10},"end":{"line":19,"column":18}},"loc":{"start":{"line":19,"column":28},"end":{"line":27,"column":null}}},"4":{"name":"(anonymous_14)","decl":{"start":{"line":29,"column":10},"end":{"line":29,"column":21}},"loc":{"start":{"line":29,"column":34},"end":{"line":31,"column":null}}},"5":{"name":"(anonymous_16)","decl":{"start":{"line":32,"column":10},"end":{"line":32,"column":16}},"loc":{"start":{"line":32,"column":44},"end":{"line":34,"column":null}}},"6":{"name":"(anonymous_18)","decl":{"start":{"line":36,"column":10},"end":{"line":36,"column":16}},"loc":{"start":{"line":36,"column":26},"end":{"line":38,"column":null}}},"7":{"name":"(anonymous_20)","decl":{"start":{"line":40,"column":10},"end":{"line":40,"column":16}},"loc":{"start":{"line":40,"column":34},"end":{"line":42,"column":null}}},"8":{"name":"(anonymous_22)","decl":{"start":{"line":43,"column":10},"end":{"line":43,"column":20}},"loc":{"start":{"line":43,"column":38},"end":{"line":45,"column":null}}}},"branchMap":{},"s":{"0":0,"1":0,"2":0,"3":0,"4":0,"5":0,"6":0,"7":0,"8":0,"9":0},"f":{"0":0,"1":0,"2":0,"3":0,"4":0,"5":0,"6":0,"7":0,"8":0},"b":{}}
,"/home/abhedakp/Documents/backend/session-05-starter/routes/auth.route.ts": {"path":"/home/abhedakp/Documents/backend/session-05-starter/routes/auth.route.ts","statementMap":{"0":{"start":{"line":1,"column":0},"end":{"line":1,"column":63}},"1":{"start":{"line":5,"column":0},"end":{"line":5,"column":54}},"2":{"start":{"line":6,"column":0},"end":{"line":6,"column":30}},"3":{"start":{"line":7,"column":0},"end":{"line":7,"column":51}},"4":{"start":{"line":8,"column":17},"end":{"line":8,"column":25}},"5":{"start":{"line":13,"column":18},"end":{"line":13,"column":50}},"6":{"start":{"line":14,"column":0},"end":{"line":14,"column":43}},"7":{"start":{"line":16,"column":0},"end":{"line":16,"column":null}}},"fnMap":{},"branchMap":{},"s":{"0":0,"1":0,"2":0,"3":0,"4":0,"5":0,"6":0,"7":0},"f":{},"b":{}}
,"/home/abhedakp/Documents/backend/session-05-starter/routes/department.route.ts": {"path":"/home/abhedakp/Documents/backend/session-05-starter/routes/department.route.ts","statementMap":{"0":{"start":{"line":1,"column":0},"end":{"line":1,"column":30}},"1":{"start":{"line":2,"column":0},"end":{"line":2,"column":55}},"2":{"start":{"line":3,"column":0},"end":{"line":3,"column":79}},"3":{"start":{"line":4,"column":0},"end":{"line":4,"column":43}},"4":{"start":{"line":5,"column":0},"end":{"line":5,"column":76}},"5":{"start":{"line":6,"column":0},"end":{"line":6,"column":67}},"6":{"start":{"line":8,"column":23},"end":{"line":8,"column":39}},"7":{"start":{"line":10,"column":27},"end":{"line":10,"column":89}},"8":{"start":{"line":11,"column":24},"end":{"line":11,"column":67}},"9":{"start":{"line":15,"column":8},"end":{"line":15,"column":25}},"10":{"start":{"line":12,"column":25},"end":{"line":12,"column":85}},"11":{"start":{"line":14,"column":0},"end":{"line":14,"column":null}}},"fnMap":{},"branchMap":{},"s":{"0":0,"1":0,"2":0,"3":0,"4":0,"5":0,"6":0,"7":0,"8":0,"9":0,"10":0,"11":0},"f":{},"b":{}}
,"/home/abhedakp/Documents/backend/session-05-starter/routes/employee.route.ts": {"path":"/home/abhedakp/Documents/backend/session-05-starter/routes/employee.route.ts","statementMap":{"0":{"start":{"line":1,"column":0},"end":{"line":1,"column":30}},"1":{"start":{"line":2,"column":0},"end":{"line":2,"column":51}},"2":{"start":{"line":3,"column":0},"end":{"line":3,"column":75}},"3":{"start":{"line":4,"column":0},"end":{"line":4,"column":43}},"4":{"start":{"line":5,"column":0},"end":{"line":5,"column":72}},"5":{"start":{"line":6,"column":0},"end":{"line":6,"column":63}},"6":{"start":{"line":10,"column":0},"end":{"line":10,"column":55}},"7":{"start":{"line":12,"column":21},"end":{"line":12,"column":37}},"8":{"start":{"line":14,"column":25},"end":{"line":14,"column":83}},"9":{"start":{"line":17,"column":22},"end":{"line":17,"column":79}},"10":{"start":{"line":21,"column":8},"end":{"line":21,"column":23}},"11":{"start":{"line":18,"column":25},"end":{"line":18,"column":79}},"12":{"start":{"line":20,"column":0},"end":{"line":20,"column":null}}},"fnMap":{},"branchMap":{},"s":{"0":0,"1":0,"2":0,"3":0,"4":0,"5":0,"6":0,"7":0,"8":0,"9":0,"10":0,"11":0,"12":0},"f":{},"b":{}}
,"/home/abhedakp/Documents/backend/session-05-starter/services/airbag.service.ts": {"path":"/home/abhedakp/Documents/backend/session-05-starter/services/airbag.service.ts","statementMap":{"0":{"start":{"line":39,"column":14},"end":{"line":39,"column":33}},"1":{"start":{"line":40,"column":14},"end":{"line":40,"column":36}},"2":{"start":{"line":48,"column":6},"end":{"line":53,"column":7}},"3":{"start":{"line":49,"column":22},"end":{"line":49,"column":43}},"4":{"start":{"line":50,"column":23},"end":{"line":50,"column":45}},"5":{"start":{"line":51,"column":8},"end":{"line":51,"column":44}},"6":{"start":{"line":52,"column":8},"end":{"line":52,"column":50}},"7":{"start":{"line":54,"column":6},"end":{"line":54,"column":34}},"8":{"start":{"line":62,"column":6},"end":{"line":62,"column":17}},"9":{"start":{"line":70,"column":6},"end":{"line":70,"column":16}},"10":{"start":{"line":37,"column":2},"end":{"line":37,"column":15}}},"fnMap":{"0":{"name":"(anonymous_0)","decl":{"start":{"line":38,"column":4},"end":{"line":38,"column":null}},"loc":{"start":{"line":40,"column":36},"end":{"line":41,"column":8}}},"1":{"name":"(anonymous_1)","decl":{"start":{"line":47,"column":4},"end":{"line":47,"column":16}},"loc":{"start":{"line":47,"column":16},"end":{"line":55,"column":5}}},"2":{"name":"(anonymous_2)","decl":{"start":{"line":60,"column":12},"end":{"line":60,"column":26}},"loc":{"start":{"line":60,"column":26},"end":{"line":63,"column":5}}},"3":{"name":"(anonymous_3)","decl":{"start":{"line":68,"column":12},"end":{"line":68,"column":27}},"loc":{"start":{"line":68,"column":27},"end":{"line":71,"column":5}}}},"branchMap":{"0":{"loc":{"start":{"line":48,"column":6},"end":{"line":53,"column":7}},"type":"if","locations":[{"start":{"line":48,"column":6},"end":{"line":53,"column":7}}]}},"s":{"0":2,"1":2,"2":2,"3":1,"4":1,"5":1,"6":1,"7":1,"8":1,"9":1,"10":1},"f":{"0":2,"1":2,"2":1,"3":1},"b":{"0":[1]}}
,"/home/abhedakp/Documents/backend/session-05-starter/services/auth.service.ts": {"path":"/home/abhedakp/Documents/backend/session-05-starter/services/auth.service.ts","statementMap":{"0":{"start":{"line":2,"column":0},"end":{"line":2,"column":28}},"1":{"start":{"line":3,"column":0},"end":{"line":3,"column":59}},"2":{"start":{"line":5,"column":0},"end":{"line":5,"column":32}},"3":{"start":{"line":6,"column":0},"end":{"line":6,"column":62}},"4":{"start":{"line":10,"column":28},"end":{"line":10,"column":59}},"5":{"start":{"line":14,"column":25},"end":{"line":14,"column":77}},"6":{"start":{"line":15,"column":10},"end":{"line":17,"column":11}},"7":{"start":{"line":16,"column":12},"end":{"line":16,"column":62}},"8":{"start":{"line":18,"column":32},"end":{"line":18,"column":80}},"9":{"start":{"line":19,"column":10},"end":{"line":21,"column":11}},"10":{"start":{"line":20,"column":12},"end":{"line":20,"column":60}},"11":{"start":{"line":22,"column":35},"end":{"line":26,"column":null}},"12":{"start":{"line":27,"column":22},"end":{"line":27,"column":75}},"13":{"start":{"line":28,"column":10},"end":{"line":31,"column":null}},"14":{"start":{"line":9,"column":0},"end":{"line":9,"column":13}}},"fnMap":{"0":{"name":"(anonymous_8)","decl":{"start":{"line":10,"column":8},"end":{"line":10,"column":28}},"loc":{"start":{"line":10,"column":59},"end":{"line":12,"column":9}}},"1":{"name":"(anonymous_9)","decl":{"start":{"line":13,"column":14},"end":{"line":13,"column":19}},"loc":{"start":{"line":13,"column":48},"end":{"line":32,"column":null}}}},"branchMap":{"0":{"loc":{"start":{"line":15,"column":10},"end":{"line":17,"column":11}},"type":"if","locations":[{"start":{"line":15,"column":10},"end":{"line":17,"column":11}}]},"1":{"loc":{"start":{"line":19,"column":10},"end":{"line":21,"column":11}},"type":"if","locations":[{"start":{"line":19,"column":10},"end":{"line":21,"column":11}}]}},"s":{"0":0,"1":0,"2":0,"3":0,"4":0,"5":0,"6":0,"7":0,"8":0,"9":0,"10":0,"11":0,"12":0,"13":0,"14":0},"f":{"0":0,"1":0},"b":{"0":[0],"1":[0]}}
,"/home/abhedakp/Documents/backend/session-05-starter/services/department.service.ts": {"path":"/home/abhedakp/Documents/backend/session-05-starter/services/department.service.ts","statementMap":{"0":{"start":{"line":5,"column":0},"end":{"line":5,"column":55}},"1":{"start":{"line":7,"column":0},"end":{"line":7,"column":32}},"2":{"start":{"line":10,"column":27},"end":{"line":10,"column":68}},"3":{"start":{"line":13,"column":30},"end":{"line":13,"column":46}},"4":{"start":{"line":14,"column":10},"end":{"line":14,"column":54}},"5":{"start":{"line":15,"column":10},"end":{"line":15,"column":65}},"6":{"start":{"line":18,"column":17},"end":{"line":18,"column":61}},"7":{"start":{"line":22,"column":13},"end":{"line":22,"column":63}},"8":{"start":{"line":25,"column":10},"end":{"line":25,"column":70}},"9":{"start":{"line":28,"column":27},"end":{"line":28,"column":75}},"10":{"start":{"line":29,"column":8},"end":{"line":32,"column":9}},"11":{"start":{"line":30,"column":12},"end":{"line":30,"column":75}},"12":{"start":{"line":31,"column":12},"end":{"line":31,"column":68}},"13":{"start":{"line":36,"column":27},"end":{"line":36,"column":75}},"14":{"start":{"line":37,"column":8},"end":{"line":41,"column":8}},"15":{"start":{"line":38,"column":12},"end":{"line":38,"column":53}},"16":{"start":{"line":39,"column":12},"end":{"line":39,"column":65}},"17":{"start":{"line":45,"column":27},"end":{"line":45,"column":75}},"18":{"start":{"line":46,"column":8},"end":{"line":50,"column":4}},"19":{"start":{"line":47,"column":12},"end":{"line":47,"column":53}},"20":{"start":{"line":48,"column":12},"end":{"line":48,"column":69}},"21":{"start":{"line":9,"column":0},"end":{"line":9,"column":13}}},"fnMap":{"0":{"name":"(anonymous_8)","decl":{"start":{"line":10,"column":7},"end":{"line":10,"column":27}},"loc":{"start":{"line":10,"column":68},"end":{"line":10,"column":71}}},"1":{"name":"(anonymous_9)","decl":{"start":{"line":12,"column":13},"end":{"line":12,"column":29}},"loc":{"start":{"line":12,"column":51},"end":{"line":16,"column":null}}},"2":{"name":"(anonymous_11)","decl":{"start":{"line":17,"column":13},"end":{"line":17,"column":29}},"loc":{"start":{"line":17,"column":29},"end":{"line":19,"column":null}}},"3":{"name":"(anonymous_13)","decl":{"start":{"line":21,"column":13},"end":{"line":21,"column":30}},"loc":{"start":{"line":21,"column":40},"end":{"line":23,"column":null}}},"4":{"name":"(anonymous_15)","decl":{"start":{"line":24,"column":13},"end":{"line":24,"column":32}},"loc":{"start":{"line":24,"column":42},"end":{"line":26,"column":null}}},"5":{"name":"(anonymous_17)","decl":{"start":{"line":27,"column":13},"end":{"line":27,"column":29}},"loc":{"start":{"line":27,"column":79},"end":{"line":33,"column":null}}},"6":{"name":"(anonymous_19)","decl":{"start":{"line":35,"column":13},"end":{"line":35,"column":29}},"loc":{"start":{"line":35,"column":39},"end":{"line":42,"column":null}}},"7":{"name":"(anonymous_21)","decl":{"start":{"line":44,"column":13},"end":{"line":44,"column":23}},"loc":{"start":{"line":44,"column":33},"end":{"line":50,"column":null}}}},"branchMap":{"0":{"loc":{"start":{"line":29,"column":8},"end":{"line":32,"column":9}},"type":"if","locations":[{"start":{"line":29,"column":8},"end":{"line":32,"column":9}}]},"1":{"loc":{"start":{"line":37,"column":8},"end":{"line":41,"column":8}},"type":"if","locations":[{"start":{"line":37,"column":8},"end":{"line":41,"column":8}}]},"2":{"loc":{"start":{"line":46,"column":8},"end":{"line":50,"column":4}},"type":"if","locations":[{"start":{"line":46,"column":8},"end":{"line":50,"column":4}}]}},"s":{"0":0,"1":0,"2":0,"3":0,"4":0,"5":0,"6":0,"7":0,"8":0,"9":0,"10":0,"11":0,"12":0,"13":0,"14":0,"15":0,"16":0,"17":0,"18":0,"19":0,"20":0,"21":0},"f":{"0":0,"1":0,"2":0,"3":0,"4":0,"5":0,"6":0,"7":0},"b":{"0":[0],"1":[0],"2":[0]}}
,"/home/abhedakp/Documents/backend/session-05-starter/services/employee.service.ts": {"path":"/home/abhedakp/Documents/backend/session-05-starter/services/employee.service.ts","statementMap":{"0":{"start":{"line":3,"column":0},"end":{"line":3,"column":77}},"1":{"start":{"line":6,"column":0},"end":{"line":6,"column":28}},"2":{"start":{"line":7,"column":0},"end":{"line":7,"column":49}},"3":{"start":{"line":20,"column":27},"end":{"line":20,"column":64}},"4":{"start":{"line":20,"column":73},"end":{"line":20,"column":108}},"5":{"start":{"line":19,"column":15},"end":{"line":19,"column":null}},"6":{"start":{"line":23,"column":28},"end":{"line":23,"column":42}},"7":{"start":{"line":24,"column":10},"end":{"line":24,"column":50}},"8":{"start":{"line":25,"column":10},"end":{"line":25,"column":52}},"9":{"start":{"line":26,"column":10},"end":{"line":26,"column":48}},"10":{"start":{"line":27,"column":10},"end":{"line":27,"column":67}},"11":{"start":{"line":28,"column":10},"end":{"line":28,"column":80}},"12":{"start":{"line":29,"column":10},"end":{"line":29,"column":50}},"13":{"start":{"line":30,"column":10},"end":{"line":30,"column":78}},"14":{"start":{"line":31,"column":10},"end":{"line":31,"column":62}},"15":{"start":{"line":32,"column":10},"end":{"line":32,"column":54}},"16":{"start":{"line":33,"column":10},"end":{"line":33,"column":62}},"17":{"start":{"line":34,"column":26},"end":{"line":34,"column":104}},"18":{"start":{"line":35,"column":10},"end":{"line":38,"column":11}},"19":{"start":{"line":36,"column":24},"end":{"line":36,"column":64}},"20":{"start":{"line":39,"column":10},"end":{"line":39,"column":43}},"21":{"start":{"line":40,"column":9},"end":{"line":40,"column":42}},"22":{"start":{"line":41,"column":10},"end":{"line":41,"column":61}},"23":{"start":{"line":46,"column":18},"end":{"line":46,"column":62}},"24":{"start":{"line":47,"column":17},"end":{"line":47,"column":59}},"25":{"start":{"line":52,"column":13},"end":{"line":52,"column":56}},"26":{"start":{"line":53,"column":13},"end":{"line":53,"column":57}},"27":{"start":{"line":58,"column":10},"end":{"line":58,"column":53}},"28":{"start":{"line":59,"column":10},"end":{"line":59,"column":60}},"29":{"start":{"line":64,"column":31},"end":{"line":64,"column":73}},"30":{"start":{"line":65,"column":8},"end":{"line":80,"column":9}},"31":{"start":{"line":67,"column":12},"end":{"line":67,"column":82}},"32":{"start":{"line":68,"column":12},"end":{"line":68,"column":85}},"33":{"start":{"line":69,"column":12},"end":{"line":69,"column":79}},"34":{"start":{"line":70,"column":12},"end":{"line":70,"column":109}},"35":{"start":{"line":71,"column":12},"end":{"line":71,"column":115}},"36":{"start":{"line":72,"column":12},"end":{"line":72,"column":109}},"37":{"start":{"line":73,"column":12},"end":{"line":73,"column":100}},"38":{"start":{"line":74,"column":12},"end":{"line":74,"column":88}},"39":{"start":{"line":75,"column":12},"end":{"line":75,"column":109}},"40":{"start":{"line":76,"column":12},"end":{"line":76,"column":100}},"41":{"start":{"line":77,"column":12},"end":{"line":77,"column":115}},"42":{"start":{"line":78,"column":12},"end":{"line":78,"column":109}},"43":{"start":{"line":79,"column":12},"end":{"line":79,"column":70}},"44":{"start":{"line":81,"column":8},"end":{"line":81,"column":51}},"45":{"start":{"line":85,"column":31},"end":{"line":85,"column":73}},"46":{"start":{"line":86,"column":8},"end":{"line":89,"column":8}},"47":{"start":{"line":87,"column":12},"end":{"line":87,"column":67}},"48":{"start":{"line":90,"column":7},"end":{"line":90,"column":null}},"49":{"start":{"line":94,"column":31},"end":{"line":94,"column":73}},"50":{"start":{"line":95,"column":8},"end":{"line":100,"column":4}},"51":{"start":{"line":96,"column":12},"end":{"line":96,"column":56}},"52":{"start":{"line":97,"column":12},"end":{"line":97,"column":71}},"53":{"start":{"line":98,"column":8},"end":{"line":98,"column":null}},"54":{"start":{"line":18,"column":0},"end":{"line":18,"column":13}}},"fnMap":{"0":{"name":"(anonymous_8)","decl":{"start":{"line":20,"column":7},"end":{"line":20,"column":27}},"loc":{"start":{"line":20,"column":108},"end":{"line":20,"column":111}}},"1":{"name":"(anonymous_9)","decl":{"start":{"line":22,"column":13},"end":{"line":22,"column":27}},"loc":{"start":{"line":22,"column":63},"end":{"line":43,"column":null}}},"2":{"name":"(anonymous_11)","decl":{"start":{"line":44,"column":13},"end":{"line":44,"column":28}},"loc":{"start":{"line":44,"column":28},"end":{"line":49,"column":null}}},"3":{"name":"(anonymous_13)","decl":{"start":{"line":51,"column":13},"end":{"line":51,"column":28}},"loc":{"start":{"line":51,"column":38},"end":{"line":54,"column":null}}},"4":{"name":"(anonymous_15)","decl":{"start":{"line":57,"column":13},"end":{"line":57,"column":31}},"loc":{"start":{"line":57,"column":44},"end":{"line":61,"column":null}}},"5":{"name":"(anonymous_17)","decl":{"start":{"line":63,"column":13},"end":{"line":63,"column":27}},"loc":{"start":{"line":63,"column":73},"end":{"line":82,"column":null}}},"6":{"name":"(anonymous_19)","decl":{"start":{"line":84,"column":13},"end":{"line":84,"column":27}},"loc":{"start":{"line":84,"column":37},"end":{"line":91,"column":null}}},"7":{"name":"(anonymous_21)","decl":{"start":{"line":93,"column":13},"end":{"line":93,"column":23}},"loc":{"start":{"line":93,"column":33},"end":{"line":100,"column":null}}}},"branchMap":{"0":{"loc":{"start":{"line":35,"column":10},"end":{"line":38,"column":11}},"type":"if","locations":[{"start":{"line":35,"column":10},"end":{"line":38,"column":11}}]},"1":{"loc":{"start":{"line":65,"column":8},"end":{"line":80,"column":9}},"type":"if","locations":[{"start":{"line":65,"column":8},"end":{"line":80,"column":9}}]},"2":{"loc":{"start":{"line":67,"column":34},"end":{"line":67,"column":81}},"type":"binary-expr","locations":[{"start":{"line":67,"column":34},"end":{"line":67,"column":56}},{"start":{"line":67,"column":60},"end":{"line":67,"column":81}}]},"3":{"loc":{"start":{"line":68,"column":35},"end":{"line":68,"column":84}},"type":"binary-expr","locations":[{"start":{"line":68,"column":35},"end":{"line":68,"column":58}},{"start":{"line":68,"column":62},"end":{"line":68,"column":84}}]},"4":{"loc":{"start":{"line":69,"column":33},"end":{"line":69,"column":78}},"type":"binary-expr","locations":[{"start":{"line":69,"column":33},"end":{"line":69,"column":54}},{"start":{"line":69,"column":58},"end":{"line":69,"column":78}}]},"5":{"loc":{"start":{"line":70,"column":43},"end":{"line":70,"column":108}},"type":"binary-expr","locations":[{"start":{"line":70,"column":43},"end":{"line":70,"column":74}},{"start":{"line":70,"column":78},"end":{"line":70,"column":108}}]},"6":{"loc":{"start":{"line":71,"column":45},"end":{"line":71,"column":114}},"type":"binary-expr","locations":[{"start":{"line":71,"column":45},"end":{"line":71,"column":78}},{"start":{"line":71,"column":82},"end":{"line":71,"column":114}}]},"7":{"loc":{"start":{"line":72,"column":43},"end":{"line":72,"column":108}},"type":"binary-expr","locations":[{"start":{"line":72,"column":43},"end":{"line":72,"column":74}},{"start":{"line":72,"column":78},"end":{"line":72,"column":108}}]},"8":{"loc":{"start":{"line":73,"column":40},"end":{"line":73,"column":99}},"type":"binary-expr","locations":[{"start":{"line":73,"column":40},"end":{"line":73,"column":68}},{"start":{"line":73,"column":72},"end":{"line":73,"column":99}}]},"9":{"loc":{"start":{"line":74,"column":36},"end":{"line":74,"column":87}},"type":"binary-expr","locations":[{"start":{"line":74,"column":36},"end":{"line":74,"column":60}},{"start":{"line":74,"column":64},"end":{"line":74,"column":87}}]},"10":{"loc":{"start":{"line":75,"column":43},"end":{"line":75,"column":108}},"type":"binary-expr","locations":[{"start":{"line":75,"column":43},"end":{"line":75,"column":74}},{"start":{"line":75,"column":78},"end":{"line":75,"column":108}}]},"11":{"loc":{"start":{"line":76,"column":40},"end":{"line":76,"column":99}},"type":"binary-expr","locations":[{"start":{"line":76,"column":40},"end":{"line":76,"column":68}},{"start":{"line":76,"column":72},"end":{"line":76,"column":99}}]},"12":{"loc":{"start":{"line":77,"column":45},"end":{"line":77,"column":114}},"type":"binary-expr","locations":[{"start":{"line":77,"column":45},"end":{"line":77,"column":78}},{"start":{"line":77,"column":82},"end":{"line":77,"column":114}}]},"13":{"loc":{"start":{"line":78,"column":43},"end":{"line":78,"column":108}},"type":"binary-expr","locations":[{"start":{"line":78,"column":43},"end":{"line":78,"column":73}},{"start":{"line":78,"column":78},"end":{"line":78,"column":108}}]},"14":{"loc":{"start":{"line":86,"column":8},"end":{"line":89,"column":8}},"type":"if","locations":[{"start":{"line":86,"column":8},"end":{"line":89,"column":8}}]},"15":{"loc":{"start":{"line":95,"column":8},"end":{"line":100,"column":4}},"type":"if","locations":[{"start":{"line":95,"column":8},"end":{"line":100,"column":4}}]}},"s":{"0":1,"1":1,"2":1,"3":6,"4":6,"5":6,"6":0,"7":0,"8":0,"9":0,"10":0,"11":0,"12":0,"13":0,"14":0,"15":0,"16":0,"17":0,"18":0,"19":0,"20":0,"21":0,"22":0,"23":2,"24":2,"25":2,"26":2,"27":0,"28":0,"29":0,"30":0,"31":0,"32":0,"33":0,"34":0,"35":0,"36":0,"37":0,"38":0,"39":0,"40":0,"41":0,"42":0,"43":0,"44":0,"45":2,"46":2,"47":1,"48":2,"49":0,"50":0,"51":0,"52":0,"53":0,"54":1},"f":{"0":6,"1":0,"2":2,"3":2,"4":0,"5":0,"6":2,"7":0},"b":{"0":[0],"1":[0],"2":[0,0],"3":[0,0],"4":[0,0],"5":[0,0],"6":[0,0],"7":[0,0],"8":[0,0],"9":[0,0],"10":[0,0],"11":[0,0],"12":[0,0],"13":[0,0],"14":[1],"15":[0]}}
,"/home/abhedakp/Documents/backend/session-05-starter/services/logger.service.ts": {"path":"/home/abhedakp/Documents/backend/session-05-starter/services/logger.service.ts","statementMap":{"0":{"start":{"line":1,"column":0},"end":{"line":1,"column":68}},"1":{"start":{"line":9,"column":4},"end":{"line":9,"column":61}},"2":{"start":{"line":10,"column":4},"end":{"line":10,"column":27}},"3":{"start":{"line":19,"column":4},"end":{"line":19,"column":56}},"4":{"start":{"line":20,"column":4},"end":{"line":20,"column":34}},"5":{"start":{"line":24,"column":22},"end":{"line":25,"column":null}},"6":{"start":{"line":25,"column":16},"end":{"line":25,"column":67}},"7":{"start":{"line":27,"column":26},"end":{"line":35,"column":6}},"8":{"start":{"line":36,"column":4},"end":{"line":39,"column":7}},"9":{"start":{"line":43,"column":23},"end":{"line":43,"column":35}},"10":{"start":{"line":45,"column":6},"end":{"line":47,"column":17}},"11":{"start":{"line":48,"column":4},"end":{"line":51,"column":6}},"12":{"start":{"line":62,"column":4},"end":{"line":62,"column":37}},"13":{"start":{"line":66,"column":4},"end":{"line":66,"column":36}},"14":{"start":{"line":70,"column":4},"end":{"line":70,"column":37}},"15":{"start":{"line":74,"column":4},"end":{"line":74,"column":36}},"16":{"start":{"line":3,"column":0},"end":{"line":3,"column":13}}},"fnMap":{"0":{"name":"(anonymous_0)","decl":{"start":{"line":8,"column":2},"end":{"line":8,"column":14}},"loc":{"start":{"line":8,"column":29},"end":{"line":11,"column":3}}},"1":{"name":"(anonymous_1)","decl":{"start":{"line":18,"column":9},"end":{"line":18,"column":15}},"loc":{"start":{"line":18,"column":43},"end":{"line":21,"column":3}}},"2":{"name":"(anonymous_2)","decl":{"start":{"line":23,"column":10},"end":{"line":23,"column":16}},"loc":{"start":{"line":23,"column":36},"end":{"line":40,"column":3}}},"3":{"name":"(anonymous_3)","decl":{"start":{"line":25,"column":6},"end":{"line":25,"column":7}},"loc":{"start":{"line":25,"column":16},"end":{"line":25,"column":67}}},"4":{"name":"(anonymous_4)","decl":{"start":{"line":42,"column":10},"end":{"line":42,"column":19}},"loc":{"start":{"line":42,"column":50},"end":{"line":52,"column":3}}},"5":{"name":"(anonymous_5)","decl":{"start":{"line":61,"column":2},"end":{"line":61,"column":7}},"loc":{"start":{"line":61,"column":20},"end":{"line":63,"column":3}}},"6":{"name":"(anonymous_6)","decl":{"start":{"line":65,"column":2},"end":{"line":65,"column":6}},"loc":{"start":{"line":65,"column":19},"end":{"line":67,"column":3}}},"7":{"name":"(anonymous_7)","decl":{"start":{"line":69,"column":2},"end":{"line":69,"column":7}},"loc":{"start":{"line":69,"column":20},"end":{"line":71,"column":3}}},"8":{"name":"(anonymous_8)","decl":{"start":{"line":73,"column":2},"end":{"line":73,"column":6}},"loc":{"start":{"line":73,"column":19},"end":{"line":75,"column":3}}}},"branchMap":{"0":{"loc":{"start":{"line":45,"column":6},"end":{"line":47,"column":17}},"type":"cond-expr","locations":[{"start":{"line":46,"column":10},"end":{"line":46,"column":42}},{"start":{"line":47,"column":10},"end":{"line":47,"column":17}}]},"1":{"loc":{"start":{"line":45,"column":6},"end":{"line":45,"column":44}},"type":"binary-expr","locations":[{"start":{"line":45,"column":6},"end":{"line":45,"column":33}},{"start":{"line":45,"column":37},"end":{"line":45,"column":44}}]}},"s":{"0":1,"1":6,"2":6,"3":6,"4":6,"5":6,"6":6,"7":6,"8":6,"9":6,"10":6,"11":6,"12":0,"13":6,"14":0,"15":0,"16":1},"f":{"0":6,"1":6,"2":6,"3":6,"4":6,"5":0,"6":6,"7":0,"8":0},"b":{"0":[0,6],"1":[6,0]}}
,"/home/abhedakp/Documents/backend/session-05-starter/types/express.d.ts": {"path":"/home/abhedakp/Documents/backend/session-05-starter/types/express.d.ts","statementMap":{},"fnMap":{},"branchMap":{},"s":{},"f":{},"b":{}}
,"/home/abhedakp/Documents/backend/session-05-starter/utils/constants.ts": {"path":"/home/abhedakp/Documents/backend/session-05-starter/utils/constants.ts","statementMap":{"0":{"start":{"line":1,"column":13},"end":{"line":1,"column":42}},"1":{"start":{"line":2,"column":13},"end":{"line":2,"column":31}}},"fnMap":{},"branchMap":{},"s":{"0":0,"1":0},"f":{},"b":{}}
}
